{"/Users/tv01d/Documents/projects/heybub/babylog/frontend/public/locales/en/auth.json": {"path":"/Users/tv01d/Documents/projects/heybub/babylog/frontend/public/locales/en/auth.json","statementMap":{},"fnMap":{},"branchMap":{},"s":{},"f":{},"b":{},"meta":{"lastBranch":0,"lastFunction":0,"lastStatement":0,"seen":{}}}
,"/Users/tv01d/Documents/projects/heybub/babylog/frontend/public/locales/en/common.json": {"path":"/Users/tv01d/Documents/projects/heybub/babylog/frontend/public/locales/en/common.json","statementMap":{},"fnMap":{},"branchMap":{},"s":{},"f":{},"b":{},"meta":{"lastBranch":0,"lastFunction":0,"lastStatement":0,"seen":{}}}
,"/Users/tv01d/Documents/projects/heybub/babylog/frontend/public/locales/en/dashboard.json": {"path":"/Users/tv01d/Documents/projects/heybub/babylog/frontend/public/locales/en/dashboard.json","statementMap":{},"fnMap":{},"branchMap":{},"s":{},"f":{},"b":{},"meta":{"lastBranch":0,"lastFunction":0,"lastStatement":0,"seen":{}}}
,"/Users/tv01d/Documents/projects/heybub/babylog/frontend/public/locales/en/health.json": {"path":"/Users/tv01d/Documents/projects/heybub/babylog/frontend/public/locales/en/health.json","statementMap":{},"fnMap":{},"branchMap":{},"s":{},"f":{},"b":{},"meta":{"lastBranch":0,"lastFunction":0,"lastStatement":0,"seen":{}}}
,"/Users/tv01d/Documents/projects/heybub/babylog/frontend/public/locales/en/settings.json": {"path":"/Users/tv01d/Documents/projects/heybub/babylog/frontend/public/locales/en/settings.json","statementMap":{},"fnMap":{},"branchMap":{},"s":{},"f":{},"b":{},"meta":{"lastBranch":0,"lastFunction":0,"lastStatement":0,"seen":{}}}
,"/Users/tv01d/Documents/projects/heybub/babylog/frontend/src/components/AddBabyForm.tsx": {"path":"/Users/tv01d/Documents/projects/heybub/babylog/frontend/src/components/AddBabyForm.tsx","statementMap":{"0":{"start":{"line":30,"column":14},"end":{"line":30,"column":null}},"1":{"start":{"line":31,"column":24},"end":{"line":31,"column":null}},"2":{"start":{"line":32,"column":34},"end":{"line":32,"column":null}},"3":{"start":{"line":33,"column":28},"end":{"line":33,"column":null}},"4":{"start":{"line":34,"column":38},"end":{"line":34,"column":null}},"5":{"start":{"line":35,"column":38},"end":{"line":35,"column":null}},"6":{"start":{"line":37,"column":25},"end":{"line":48,"column":null}},"7":{"start":{"line":38,"column":8},"end":{"line":38,"column":null}},"8":{"start":{"line":39,"column":8},"end":{"line":39,"column":null}},"9":{"start":{"line":39,"column":26},"end":{"line":39,"column":null}},"10":{"start":{"line":41,"column":8},"end":{"line":47,"column":null}},"11":{"start":{"line":50,"column":4},"end":{"line":148,"column":null}},"12":{"start":{"line":59,"column":37},"end":{"line":59,"column":null}},"13":{"start":{"line":71,"column":37},"end":{"line":71,"column":null}},"14":{"start":{"line":82,"column":39},"end":{"line":82,"column":null}},"15":{"start":{"line":89,"column":39},"end":{"line":89,"column":null}},"16":{"start":{"line":112,"column":41},"end":{"line":112,"column":null}},"17":{"start":{"line":125,"column":41},"end":{"line":125,"column":null}}},"fnMap":{"0":{"name":"AddBabyForm","decl":{"start":{"line":21,"column":24},"end":{"line":21,"column":36}},"loc":{"start":{"line":29,"column":21},"end":{"line":150,"column":null}},"line":29},"1":{"name":"(anonymous_1)","decl":{"start":{"line":37,"column":25},"end":{"line":37,"column":26}},"loc":{"start":{"line":37,"column":49},"end":{"line":48,"column":null}},"line":37},"2":{"name":"(anonymous_2)","decl":{"start":{"line":59,"column":30},"end":{"line":59,"column":31}},"loc":{"start":{"line":59,"column":37},"end":{"line":59,"column":null}},"line":59},"3":{"name":"(anonymous_3)","decl":{"start":{"line":71,"column":30},"end":{"line":71,"column":31}},"loc":{"start":{"line":71,"column":37},"end":{"line":71,"column":null}},"line":71},"4":{"name":"(anonymous_4)","decl":{"start":{"line":82,"column":33},"end":{"line":82,"column":39}},"loc":{"start":{"line":82,"column":39},"end":{"line":82,"column":null}},"line":82},"5":{"name":"(anonymous_5)","decl":{"start":{"line":89,"column":33},"end":{"line":89,"column":39}},"loc":{"start":{"line":89,"column":39},"end":{"line":89,"column":null}},"line":89},"6":{"name":"(anonymous_6)","decl":{"start":{"line":112,"column":34},"end":{"line":112,"column":35}},"loc":{"start":{"line":112,"column":41},"end":{"line":112,"column":null}},"line":112},"7":{"name":"(anonymous_7)","decl":{"start":{"line":125,"column":34},"end":{"line":125,"column":35}},"loc":{"start":{"line":125,"column":41},"end":{"line":125,"column":null}},"line":125}},"branchMap":{"0":{"loc":{"start":{"line":24,"column":4},"end":{"line":24,"column":null}},"type":"default-arg","locations":[{"start":{"line":24,"column":13},"end":{"line":24,"column":null}}],"line":24},"1":{"loc":{"start":{"line":25,"column":4},"end":{"line":25,"column":null}},"type":"default-arg","locations":[{"start":{"line":25,"column":18},"end":{"line":25,"column":null}}],"line":25},"2":{"loc":{"start":{"line":26,"column":4},"end":{"line":26,"column":null}},"type":"default-arg","locations":[{"start":{"line":26,"column":17},"end":{"line":26,"column":null}}],"line":26},"3":{"loc":{"start":{"line":27,"column":4},"end":{"line":27,"column":null}},"type":"default-arg","locations":[{"start":{"line":27,"column":14},"end":{"line":27,"column":null}}],"line":27},"4":{"loc":{"start":{"line":28,"column":4},"end":{"line":28,"column":null}},"type":"default-arg","locations":[{"start":{"line":28,"column":18},"end":{"line":28,"column":null}}],"line":28},"5":{"loc":{"start":{"line":31,"column":37},"end":{"line":31,"column":60}},"type":"binary-expr","locations":[{"start":{"line":31,"column":37},"end":{"line":31,"column":58}},{"start":{"line":31,"column":58},"end":{"line":31,"column":60}}],"line":31},"6":{"loc":{"start":{"line":32,"column":47},"end":{"line":32,"column":114}},"type":"cond-expr","locations":[{"start":{"line":32,"column":73},"end":{"line":32,"column":112}},{"start":{"line":32,"column":112},"end":{"line":32,"column":114}}],"line":32},"7":{"loc":{"start":{"line":33,"column":41},"end":{"line":33,"column":66}},"type":"binary-expr","locations":[{"start":{"line":33,"column":41},"end":{"line":33,"column":64}},{"start":{"line":33,"column":64},"end":{"line":33,"column":66}}],"line":33},"8":{"loc":{"start":{"line":34,"column":51},"end":{"line":34,"column":82}},"type":"binary-expr","locations":[{"start":{"line":34,"column":51},"end":{"line":34,"column":80}},{"start":{"line":34,"column":80},"end":{"line":34,"column":82}}],"line":34},"9":{"loc":{"start":{"line":35,"column":51},"end":{"line":35,"column":82}},"type":"binary-expr","locations":[{"start":{"line":35,"column":51},"end":{"line":35,"column":80}},{"start":{"line":35,"column":80},"end":{"line":35,"column":82}}],"line":35},"10":{"loc":{"start":{"line":39,"column":8},"end":{"line":39,"column":null}},"type":"if","locations":[{"start":{"line":39,"column":8},"end":{"line":39,"column":null}},{"start":{},"end":{}}],"line":39},"11":{"loc":{"start":{"line":44,"column":20},"end":{"line":44,"column":null}},"type":"binary-expr","locations":[{"start":{"line":44,"column":20},"end":{"line":44,"column":30}},{"start":{"line":44,"column":30},"end":{"line":44,"column":null}}],"line":44},"12":{"loc":{"start":{"line":45,"column":25},"end":{"line":45,"column":null}},"type":"cond-expr","locations":[{"start":{"line":45,"column":39},"end":{"line":45,"column":65}},{"start":{"line":45,"column":65},"end":{"line":45,"column":null}}],"line":45},"13":{"loc":{"start":{"line":46,"column":25},"end":{"line":46,"column":null}},"type":"cond-expr","locations":[{"start":{"line":46,"column":39},"end":{"line":46,"column":65}},{"start":{"line":46,"column":65},"end":{"line":46,"column":null}}],"line":46},"14":{"loc":{"start":{"line":51,"column":49},"end":{"line":51,"column":null}},"type":"cond-expr","locations":[{"start":{"line":51,"column":59},"end":{"line":51,"column":81}},{"start":{"line":51,"column":81},"end":{"line":51,"column":null}}],"line":51},"15":{"loc":{"start":{"line":81,"column":49},"end":{"line":81,"column":85}},"type":"cond-expr","locations":[{"start":{"line":81,"column":68},"end":{"line":81,"column":83}},{"start":{"line":81,"column":83},"end":{"line":81,"column":85}}],"line":81},"16":{"loc":{"start":{"line":82,"column":49},"end":{"line":82,"column":78}},"type":"cond-expr","locations":[{"start":{"line":82,"column":68},"end":{"line":82,"column":73}},{"start":{"line":82,"column":73},"end":{"line":82,"column":78}}],"line":82},"17":{"loc":{"start":{"line":88,"column":49},"end":{"line":88,"column":87}},"type":"cond-expr","locations":[{"start":{"line":88,"column":69},"end":{"line":88,"column":85}},{"start":{"line":88,"column":85},"end":{"line":88,"column":87}}],"line":88},"18":{"loc":{"start":{"line":89,"column":49},"end":{"line":89,"column":80}},"type":"cond-expr","locations":[{"start":{"line":89,"column":69},"end":{"line":89,"column":74}},{"start":{"line":89,"column":74},"end":{"line":89,"column":80}}],"line":89},"19":{"loc":{"start":{"line":130,"column":28},"end":{"line":130,"column":null}},"type":"cond-expr","locations":[{"start":{"line":130,"column":41},"end":{"line":130,"column":58}},{"start":{"line":130,"column":58},"end":{"line":130,"column":null}}],"line":130},"20":{"loc":{"start":{"line":131,"column":17},"end":{"line":138,"column":null}},"type":"binary-expr","locations":[{"start":{"line":131,"column":17},"end":{"line":131,"column":null}},{"start":{"line":132,"column":20},"end":{"line":138,"column":null}}],"line":131},"21":{"loc":{"start":{"line":142,"column":50},"end":{"line":142,"column":77}},"type":"cond-expr","locations":[{"start":{"line":142,"column":64},"end":{"line":142,"column":75}},{"start":{"line":142,"column":75},"end":{"line":142,"column":77}}],"line":142},"22":{"loc":{"start":{"line":143,"column":30},"end":{"line":143,"column":null}},"type":"binary-expr","locations":[{"start":{"line":143,"column":30},"end":{"line":143,"column":40}},{"start":{"line":143,"column":40},"end":{"line":143,"column":null}}],"line":143},"23":{"loc":{"start":{"line":145,"column":21},"end":{"line":145,"column":null}},"type":"cond-expr","locations":[{"start":{"line":145,"column":30},"end":{"line":145,"column":44}},{"start":{"line":145,"column":44},"end":{"line":145,"column":null}}],"line":145}},"s":{"0":14,"1":14,"2":14,"3":14,"4":14,"5":14,"6":14,"7":1,"8":1,"9":0,"10":1,"11":14,"12":2,"13":0,"14":2,"15":0,"16":0,"17":0},"f":{"0":14,"1":1,"2":2,"3":0,"4":2,"5":0,"6":0,"7":0},"b":{"0":[14],"1":[14],"2":[14],"3":[14],"4":[14],"5":[14,13],"6":[1,13],"7":[14,13],"8":[14,14],"9":[14,14],"10":[0,1],"11":[1,1],"12":[0,1],"13":[0,1],"14":[0,14],"15":[2,12],"16":[1,1],"17":[0,14],"18":[0,0],"19":[14,0],"20":[14,14],"21":[0,14],"22":[14,13],"23":[1,13]},"meta":{"lastBranch":24,"lastFunction":8,"lastStatement":18,"seen":{"f:21:24:21:36":0,"b:24:13:24:Infinity":0,"b:25:18:25:Infinity":1,"b:26:17:26:Infinity":2,"b:27:14:27:Infinity":3,"b:28:18:28:Infinity":4,"s:30:14:30:Infinity":0,"s:31:24:31:Infinity":1,"b:31:37:31:58:31:58:31:60":5,"s:32:34:32:Infinity":2,"b:32:73:32:112:32:112:32:114":6,"s:33:28:33:Infinity":3,"b:33:41:33:64:33:64:33:66":7,"s:34:38:34:Infinity":4,"b:34:51:34:80:34:80:34:82":8,"s:35:38:35:Infinity":5,"b:35:51:35:80:35:80:35:82":9,"s:37:25:48:Infinity":6,"f:37:25:37:26":1,"s:38:8:38:Infinity":7,"b:39:8:39:Infinity:undefined:undefined:undefined:undefined":10,"s:39:8:39:Infinity":8,"s:39:26:39:Infinity":9,"s:41:8:47:Infinity":10,"b:44:20:44:30:44:30:44:Infinity":11,"b:45:39:45:65:45:65:45:Infinity":12,"b:46:39:46:65:46:65:46:Infinity":13,"s:50:4:148:Infinity":11,"b:51:59:51:81:51:81:51:Infinity":14,"f:59:30:59:31":2,"s:59:37:59:Infinity":12,"f:71:30:71:31":3,"s:71:37:71:Infinity":13,"b:81:68:81:83:81:83:81:85":15,"f:82:33:82:39":4,"s:82:39:82:Infinity":14,"b:82:68:82:73:82:73:82:78":16,"b:88:69:88:85:88:85:88:87":17,"f:89:33:89:39":5,"s:89:39:89:Infinity":15,"b:89:69:89:74:89:74:89:80":18,"f:112:34:112:35":6,"s:112:41:112:Infinity":16,"f:125:34:125:35":7,"s:125:41:125:Infinity":17,"b:130:41:130:58:130:58:130:Infinity":19,"b:131:17:131:Infinity:132:20:138:Infinity":20,"b:142:64:142:75:142:75:142:77":21,"b:143:30:143:40:143:40:143:Infinity":22,"b:145:30:145:44:145:44:145:Infinity":23}}}
,"/Users/tv01d/Documents/projects/heybub/babylog/frontend/src/components/DailySummary.tsx": {"path":"/Users/tv01d/Documents/projects/heybub/babylog/frontend/src/components/DailySummary.tsx","statementMap":{"0":{"start":{"line":11,"column":14},"end":{"line":11,"column":null}},"1":{"start":{"line":12,"column":25},"end":{"line":12,"column":null}},"2":{"start":{"line":13,"column":34},"end":{"line":13,"column":null}},"3":{"start":{"line":14,"column":48},"end":{"line":14,"column":null}},"4":{"start":{"line":15,"column":48},"end":{"line":15,"column":null}},"5":{"start":{"line":18,"column":4},"end":{"line":35,"column":null}},"6":{"start":{"line":19,"column":8},"end":{"line":34,"column":null}},"7":{"start":{"line":20,"column":12},"end":{"line":20,"column":null}},"8":{"start":{"line":21,"column":18},"end":{"line":21,"column":null}},"9":{"start":{"line":22,"column":18},"end":{"line":22,"column":null}},"10":{"start":{"line":24,"column":12},"end":{"line":33,"column":null}},"11":{"start":{"line":26,"column":20},"end":{"line":26,"column":null}},"12":{"start":{"line":29,"column":20},"end":{"line":29,"column":null}},"13":{"start":{"line":32,"column":20},"end":{"line":32,"column":null}},"14":{"start":{"line":37,"column":4},"end":{"line":37,"column":null}},"15":{"start":{"line":37,"column":18},"end":{"line":37,"column":null}},"16":{"start":{"line":39,"column":23},"end":{"line":44,"column":null}},"17":{"start":{"line":40,"column":8},"end":{"line":40,"column":null}},"18":{"start":{"line":40,"column":22},"end":{"line":40,"column":null}},"19":{"start":{"line":41,"column":22},"end":{"line":41,"column":null}},"20":{"start":{"line":42,"column":21},"end":{"line":42,"column":null}},"21":{"start":{"line":43,"column":8},"end":{"line":43,"column":null}},"22":{"start":{"line":47,"column":30},"end":{"line":53,"column":null}},"23":{"start":{"line":48,"column":22},"end":{"line":48,"column":null}},"24":{"start":{"line":49,"column":8},"end":{"line":49,"column":null}},"25":{"start":{"line":49,"column":32},"end":{"line":49,"column":null}},"26":{"start":{"line":50,"column":8},"end":{"line":50,"column":null}},"27":{"start":{"line":50,"column":32},"end":{"line":50,"column":null}},"28":{"start":{"line":51,"column":8},"end":{"line":51,"column":null}},"29":{"start":{"line":51,"column":34},"end":{"line":51,"column":null}},"30":{"start":{"line":52,"column":8},"end":{"line":52,"column":null}},"31":{"start":{"line":55,"column":23},"end":{"line":117,"column":null}},"32":{"start":{"line":56,"column":8},"end":{"line":56,"column":null}},"33":{"start":{"line":56,"column":19},"end":{"line":56,"column":null}},"34":{"start":{"line":57,"column":25},"end":{"line":114,"column":null}},"35":{"start":{"line":116,"column":8},"end":{"line":116,"column":null}},"36":{"start":{"line":116,"column":39},"end":{"line":116,"column":71}},"37":{"start":{"line":119,"column":24},"end":{"line":119,"column":null}},"38":{"start":{"line":120,"column":18},"end":{"line":120,"column":null}},"39":{"start":{"line":122,"column":4},"end":{"line":169,"column":null}},"40":{"start":{"line":134,"column":39},"end":{"line":134,"column":null}},"41":{"start":{"line":140,"column":39},"end":{"line":140,"column":null}},"42":{"start":{"line":152,"column":24},"end":{"line":161,"column":null}}},"fnMap":{"0":{"name":"DailySummary","decl":{"start":{"line":10,"column":24},"end":{"line":10,"column":37}},"loc":{"start":{"line":10,"column":129},"end":{"line":171,"column":null}},"line":10},"1":{"name":"(anonymous_1)","decl":{"start":{"line":18,"column":14},"end":{"line":18,"column":20}},"loc":{"start":{"line":18,"column":20},"end":{"line":35,"column":7}},"line":18},"2":{"name":"(anonymous_2)","decl":{"start":{"line":25,"column":22},"end":{"line":25,"column":30}},"loc":{"start":{"line":25,"column":30},"end":{"line":27,"column":17}},"line":25},"3":{"name":"(anonymous_3)","decl":{"start":{"line":28,"column":23},"end":{"line":28,"column":29}},"loc":{"start":{"line":28,"column":29},"end":{"line":30,"column":17}},"line":28},"4":{"name":"(anonymous_4)","decl":{"start":{"line":31,"column":25},"end":{"line":31,"column":31}},"loc":{"start":{"line":31,"column":31},"end":{"line":33,"column":17}},"line":31},"5":{"name":"(anonymous_5)","decl":{"start":{"line":39,"column":23},"end":{"line":39,"column":24}},"loc":{"start":{"line":39,"column":52},"end":{"line":44,"column":null}},"line":39},"6":{"name":"(anonymous_6)","decl":{"start":{"line":47,"column":30},"end":{"line":47,"column":31}},"loc":{"start":{"line":47,"column":60},"end":{"line":53,"column":null}},"line":47},"7":{"name":"(anonymous_7)","decl":{"start":{"line":55,"column":23},"end":{"line":55,"column":24}},"loc":{"start":{"line":55,"column":38},"end":{"line":117,"column":null}},"line":55},"8":{"name":"(anonymous_8)","decl":{"start":{"line":116,"column":31},"end":{"line":116,"column":39}},"loc":{"start":{"line":116,"column":39},"end":{"line":116,"column":71}},"line":116},"9":{"name":"(anonymous_9)","decl":{"start":{"line":134,"column":33},"end":{"line":134,"column":39}},"loc":{"start":{"line":134,"column":39},"end":{"line":134,"column":null}},"line":134},"10":{"name":"(anonymous_10)","decl":{"start":{"line":140,"column":33},"end":{"line":140,"column":39}},"loc":{"start":{"line":140,"column":39},"end":{"line":140,"column":null}},"line":140},"11":{"name":"(anonymous_11)","decl":{"start":{"line":151,"column":30},"end":{"line":151,"column":31}},"loc":{"start":{"line":152,"column":24},"end":{"line":161,"column":null}},"line":152}},"branchMap":{"0":{"loc":{"start":{"line":10,"column":48},"end":{"line":10,"column":107}},"type":"default-arg","locations":[{"start":{"line":10,"column":65},"end":{"line":10,"column":107}}],"line":10},"1":{"loc":{"start":{"line":19,"column":8},"end":{"line":34,"column":null}},"type":"if","locations":[{"start":{"line":19,"column":8},"end":{"line":34,"column":null}},{"start":{},"end":{}}],"line":19},"2":{"loc":{"start":{"line":19,"column":12},"end":{"line":19,"column":76}},"type":"binary-expr","locations":[{"start":{"line":19,"column":12},"end":{"line":19,"column":41}},{"start":{"line":19,"column":41},"end":{"line":19,"column":62}},{"start":{"line":19,"column":62},"end":{"line":19,"column":76}}],"line":19},"3":{"loc":{"start":{"line":26,"column":40},"end":{"line":26,"column":67}},"type":"binary-expr","locations":[{"start":{"line":26,"column":40},"end":{"line":26,"column":63}},{"start":{"line":26,"column":63},"end":{"line":26,"column":67}}],"line":26},"4":{"loc":{"start":{"line":37,"column":4},"end":{"line":37,"column":null}},"type":"if","locations":[{"start":{"line":37,"column":4},"end":{"line":37,"column":null}},{"start":{},"end":{}}],"line":37},"5":{"loc":{"start":{"line":40,"column":8},"end":{"line":40,"column":null}},"type":"if","locations":[{"start":{"line":40,"column":8},"end":{"line":40,"column":null}},{"start":{},"end":{}}],"line":40},"6":{"loc":{"start":{"line":43,"column":15},"end":{"line":43,"column":null}},"type":"cond-expr","locations":[{"start":{"line":43,"column":27},"end":{"line":43,"column":50}},{"start":{"line":43,"column":50},"end":{"line":43,"column":null}}],"line":43},"7":{"loc":{"start":{"line":49,"column":8},"end":{"line":49,"column":null}},"type":"if","locations":[{"start":{"line":49,"column":8},"end":{"line":49,"column":null}},{"start":{},"end":{}}],"line":49},"8":{"loc":{"start":{"line":50,"column":8},"end":{"line":50,"column":null}},"type":"if","locations":[{"start":{"line":50,"column":8},"end":{"line":50,"column":null}},{"start":{},"end":{}}],"line":50},"9":{"loc":{"start":{"line":51,"column":8},"end":{"line":51,"column":null}},"type":"if","locations":[{"start":{"line":51,"column":8},"end":{"line":51,"column":null}},{"start":{},"end":{}}],"line":51},"10":{"loc":{"start":{"line":52,"column":15},"end":{"line":52,"column":null}},"type":"cond-expr","locations":[{"start":{"line":52,"column":34},"end":{"line":52,"column":53}},{"start":{"line":52,"column":53},"end":{"line":52,"column":null}}],"line":52},"11":{"loc":{"start":{"line":56,"column":8},"end":{"line":56,"column":null}},"type":"if","locations":[{"start":{"line":56,"column":8},"end":{"line":56,"column":null}},{"start":{},"end":{}}],"line":56},"12":{"loc":{"start":{"line":61,"column":23},"end":{"line":61,"column":null}},"type":"binary-expr","locations":[{"start":{"line":61,"column":23},"end":{"line":61,"column":46}},{"start":{"line":61,"column":46},"end":{"line":61,"column":null}}],"line":61},"13":{"loc":{"start":{"line":64,"column":23},"end":{"line":64,"column":null}},"type":"cond-expr","locations":[{"start":{"line":64,"column":43},"end":{"line":64,"column":66}},{"start":{"line":64,"column":66},"end":{"line":64,"column":null}}],"line":64},"14":{"loc":{"start":{"line":69,"column":23},"end":{"line":69,"column":null}},"type":"binary-expr","locations":[{"start":{"line":69,"column":23},"end":{"line":69,"column":45}},{"start":{"line":69,"column":45},"end":{"line":69,"column":null}}],"line":69},"15":{"loc":{"start":{"line":80,"column":50},"end":{"line":80,"column":72}},"type":"binary-expr","locations":[{"start":{"line":80,"column":50},"end":{"line":80,"column":70}},{"start":{"line":80,"column":70},"end":{"line":80,"column":72}}],"line":80},"16":{"loc":{"start":{"line":82,"column":16},"end":{"line":89,"column":null}},"type":"cond-expr","locations":[{"start":{"line":82,"column":41},"end":{"line":89,"column":17}},{"start":{"line":89,"column":17},"end":{"line":89,"column":null}}],"line":82},"17":{"loc":{"start":{"line":88,"column":23},"end":{"line":88,"column":null}},"type":"cond-expr","locations":[{"start":{"line":88,"column":51},"end":{"line":88,"column":82}},{"start":{"line":88,"column":82},"end":{"line":88,"column":null}}],"line":88},"18":{"loc":{"start":{"line":90,"column":16},"end":{"line":97,"column":null}},"type":"cond-expr","locations":[{"start":{"line":90,"column":39},"end":{"line":97,"column":17}},{"start":{"line":97,"column":17},"end":{"line":97,"column":null}}],"line":90},"19":{"loc":{"start":{"line":96,"column":23},"end":{"line":96,"column":null}},"type":"cond-expr","locations":[{"start":{"line":96,"column":54},"end":{"line":96,"column":119}},{"start":{"line":96,"column":119},"end":{"line":96,"column":null}}],"line":96},"20":{"loc":{"start":{"line":98,"column":16},"end":{"line":105,"column":null}},"type":"cond-expr","locations":[{"start":{"line":98,"column":39},"end":{"line":105,"column":17}},{"start":{"line":105,"column":17},"end":{"line":105,"column":null}}],"line":98},"21":{"loc":{"start":{"line":104,"column":23},"end":{"line":104,"column":null}},"type":"cond-expr","locations":[{"start":{"line":104,"column":48},"end":{"line":104,"column":81}},{"start":{"line":104,"column":81},"end":{"line":104,"column":null}}],"line":104},"22":{"loc":{"start":{"line":106,"column":16},"end":{"line":113,"column":null}},"type":"cond-expr","locations":[{"start":{"line":106,"column":38},"end":{"line":113,"column":17}},{"start":{"line":113,"column":17},"end":{"line":113,"column":null}}],"line":106},"23":{"loc":{"start":{"line":110,"column":23},"end":{"line":110,"column":null}},"type":"cond-expr","locations":[{"start":{"line":110,"column":47},"end":{"line":110,"column":67}},{"start":{"line":110,"column":67},"end":{"line":110,"column":null}}],"line":110},"24":{"loc":{"start":{"line":119,"column":24},"end":{"line":119,"column":null}},"type":"cond-expr","locations":[{"start":{"line":119,"column":48},"end":{"line":119,"column":58}},{"start":{"line":119,"column":58},"end":{"line":119,"column":null}}],"line":119},"25":{"loc":{"start":{"line":133,"column":50},"end":{"line":133,"column":87}},"type":"cond-expr","locations":[{"start":{"line":133,"column":74},"end":{"line":133,"column":85}},{"start":{"line":133,"column":85},"end":{"line":133,"column":87}}],"line":133},"26":{"loc":{"start":{"line":139,"column":50},"end":{"line":139,"column":91}},"type":"cond-expr","locations":[{"start":{"line":139,"column":78},"end":{"line":139,"column":89}},{"start":{"line":139,"column":89},"end":{"line":139,"column":91}}],"line":139},"27":{"loc":{"start":{"line":148,"column":17},"end":{"line":166,"column":null}},"type":"cond-expr","locations":[{"start":{"line":149,"column":20},"end":{"line":149,"column":null}},{"start":{"line":150,"column":20},"end":{"line":166,"column":null}}],"line":148},"28":{"loc":{"start":{"line":150,"column":20},"end":{"line":166,"column":null}},"type":"cond-expr","locations":[{"start":{"line":151,"column":20},"end":{"line":162,"column":null}},{"start":{"line":164,"column":20},"end":{"line":166,"column":null}}],"line":150},"29":{"loc":{"start":{"line":158,"column":29},"end":{"line":159,"column":null}},"type":"binary-expr","locations":[{"start":{"line":158,"column":29},"end":{"line":158,"column":null}},{"start":{"line":159,"column":32},"end":{"line":159,"column":null}}],"line":158},"30":{"loc":{"start":{"line":165,"column":67},"end":{"line":165,"column":159}},"type":"cond-expr","locations":[{"start":{"line":165,"column":91},"end":{"line":165,"column":124}},{"start":{"line":165,"column":124},"end":{"line":165,"column":159}}],"line":165}},"s":{"0":7,"1":7,"2":7,"3":7,"4":7,"5":7,"6":7,"7":0,"8":0,"9":0,"10":0,"11":0,"12":0,"13":0,"14":7,"15":1,"16":6,"17":12,"18":0,"19":12,"20":12,"21":12,"22":6,"23":6,"24":6,"25":6,"26":6,"27":6,"28":6,"29":6,"30":6,"31":6,"32":6,"33":0,"34":6,"35":6,"36":36,"37":6,"38":7,"39":7,"40":0,"41":0,"42":21},"f":{"0":7,"1":7,"2":0,"3":0,"4":0,"5":12,"6":6,"7":6,"8":36,"9":0,"10":0,"11":21},"b":{"0":[7],"1":[0,7],"2":[7,0,0],"3":[0,0],"4":[1,6],"5":[0,12],"6":[6,6],"7":[6,0],"8":[6,0],"9":[6,0],"10":[6,0],"11":[0,6],"12":[6,0],"13":[6,0],"14":[6,0],"15":[6,0],"16":[6,0],"17":[6,0],"18":[0,6],"19":[0,0],"20":[6,0],"21":[6,0],"22":[6,0],"23":[6,0],"24":[6,0],"25":[6,0],"26":[0,6],"27":[0,6],"28":[6,0],"29":[21,21],"30":[0,0]},"meta":{"lastBranch":31,"lastFunction":12,"lastStatement":43,"seen":{"f:10:24:10:37":0,"b:10:65:10:107":0,"s:11:14:11:Infinity":0,"s:12:25:12:Infinity":1,"s:13:34:13:Infinity":2,"s:14:48:14:Infinity":3,"s:15:48:15:Infinity":4,"s:18:4:35:Infinity":5,"f:18:14:18:20":1,"b:19:8:34:Infinity:undefined:undefined:undefined:undefined":1,"s:19:8:34:Infinity":6,"b:19:12:19:41:19:41:19:62:19:62:19:76":2,"s:20:12:20:Infinity":7,"s:21:18:21:Infinity":8,"s:22:18:22:Infinity":9,"s:24:12:33:Infinity":10,"f:25:22:25:30":2,"s:26:20:26:Infinity":11,"b:26:40:26:63:26:63:26:67":3,"f:28:23:28:29":3,"s:29:20:29:Infinity":12,"f:31:25:31:31":4,"s:32:20:32:Infinity":13,"b:37:4:37:Infinity:undefined:undefined:undefined:undefined":4,"s:37:4:37:Infinity":14,"s:37:18:37:Infinity":15,"s:39:23:44:Infinity":16,"f:39:23:39:24":5,"b:40:8:40:Infinity:undefined:undefined:undefined:undefined":5,"s:40:8:40:Infinity":17,"s:40:22:40:Infinity":18,"s:41:22:41:Infinity":19,"s:42:21:42:Infinity":20,"s:43:8:43:Infinity":21,"b:43:27:43:50:43:50:43:Infinity":6,"s:47:30:53:Infinity":22,"f:47:30:47:31":6,"s:48:22:48:Infinity":23,"b:49:8:49:Infinity:undefined:undefined:undefined:undefined":7,"s:49:8:49:Infinity":24,"s:49:32:49:Infinity":25,"b:50:8:50:Infinity:undefined:undefined:undefined:undefined":8,"s:50:8:50:Infinity":26,"s:50:32:50:Infinity":27,"b:51:8:51:Infinity:undefined:undefined:undefined:undefined":9,"s:51:8:51:Infinity":28,"s:51:34:51:Infinity":29,"s:52:8:52:Infinity":30,"b:52:34:52:53:52:53:52:Infinity":10,"s:55:23:117:Infinity":31,"f:55:23:55:24":7,"b:56:8:56:Infinity:undefined:undefined:undefined:undefined":11,"s:56:8:56:Infinity":32,"s:56:19:56:Infinity":33,"s:57:25:114:Infinity":34,"b:61:23:61:46:61:46:61:Infinity":12,"b:64:43:64:66:64:66:64:Infinity":13,"b:69:23:69:45:69:45:69:Infinity":14,"b:80:50:80:70:80:70:80:72":15,"b:82:41:89:17:89:17:89:Infinity":16,"b:88:51:88:82:88:82:88:Infinity":17,"b:90:39:97:17:97:17:97:Infinity":18,"b:96:54:96:119:96:119:96:Infinity":19,"b:98:39:105:17:105:17:105:Infinity":20,"b:104:48:104:81:104:81:104:Infinity":21,"b:106:38:113:17:113:17:113:Infinity":22,"b:110:47:110:67:110:67:110:Infinity":23,"s:116:8:116:Infinity":35,"f:116:31:116:39":8,"s:116:39:116:71":36,"s:119:24:119:Infinity":37,"b:119:48:119:58:119:58:119:Infinity":24,"s:120:18:120:Infinity":38,"s:122:4:169:Infinity":39,"b:133:74:133:85:133:85:133:87":25,"f:134:33:134:39":9,"s:134:39:134:Infinity":40,"b:139:78:139:89:139:89:139:91":26,"f:140:33:140:39":10,"s:140:39:140:Infinity":41,"b:149:20:149:Infinity:150:20:166:Infinity":27,"b:151:20:162:Infinity:164:20:166:Infinity":28,"f:151:30:151:31":11,"s:152:24:161:Infinity":42,"b:158:29:158:Infinity:159:32:159:Infinity":29,"b:165:91:165:124:165:124:165:159":30}}}
,"/Users/tv01d/Documents/projects/heybub/babylog/frontend/src/components/DiaperModal.tsx": {"path":"/Users/tv01d/Documents/projects/heybub/babylog/frontend/src/components/DiaperModal.tsx","statementMap":{"0":{"start":{"line":10,"column":21},"end":{"line":14,"column":null}},"1":{"start":{"line":11,"column":4},"end":{"line":11,"column":null}},"2":{"start":{"line":11,"column":18},"end":{"line":11,"column":null}},"3":{"start":{"line":12,"column":20},"end":{"line":12,"column":null}},"4":{"start":{"line":13,"column":4},"end":{"line":13,"column":null}},"5":{"start":{"line":18,"column":14},"end":{"line":18,"column":null}},"6":{"start":{"line":19,"column":22},"end":{"line":19,"column":null}},"7":{"start":{"line":20,"column":24},"end":{"line":20,"column":null}},"8":{"start":{"line":21,"column":24},"end":{"line":21,"column":null}},"9":{"start":{"line":22,"column":32},"end":{"line":22,"column":null}},"10":{"start":{"line":23,"column":44},"end":{"line":23,"column":null}},"11":{"start":{"line":24,"column":34},"end":{"line":24,"column":null}},"12":{"start":{"line":25,"column":26},"end":{"line":25,"column":null}},"13":{"start":{"line":26,"column":28},"end":{"line":26,"column":null}},"14":{"start":{"line":29,"column":4},"end":{"line":39,"column":null}},"15":{"start":{"line":30,"column":8},"end":{"line":38,"column":null}},"16":{"start":{"line":31,"column":28},"end":{"line":31,"column":null}},"17":{"start":{"line":32,"column":12},"end":{"line":32,"column":null}},"18":{"start":{"line":33,"column":12},"end":{"line":33,"column":null}},"19":{"start":{"line":33,"column":30},"end":{"line":33,"column":null}},"20":{"start":{"line":34,"column":12},"end":{"line":34,"column":null}},"21":{"start":{"line":34,"column":35},"end":{"line":34,"column":null}},"22":{"start":{"line":35,"column":12},"end":{"line":35,"column":null}},"23":{"start":{"line":35,"column":41},"end":{"line":35,"column":null}},"24":{"start":{"line":36,"column":12},"end":{"line":36,"column":null}},"25":{"start":{"line":36,"column":36},"end":{"line":36,"column":null}},"26":{"start":{"line":37,"column":12},"end":{"line":37,"column":null}},"27":{"start":{"line":37,"column":31},"end":{"line":37,"column":null}},"28":{"start":{"line":41,"column":27},"end":{"line":41,"column":null}},"29":{"start":{"line":43,"column":25},"end":{"line":70,"column":null}},"30":{"start":{"line":44,"column":8},"end":{"line":44,"column":null}},"31":{"start":{"line":45,"column":8},"end":{"line":45,"column":null}},"32":{"start":{"line":47,"column":21},"end":{"line":55,"column":null}},"33":{"start":{"line":57,"column":8},"end":{"line":69,"column":null}},"34":{"start":{"line":58,"column":12},"end":{"line":62,"column":null}},"35":{"start":{"line":59,"column":16},"end":{"line":59,"column":null}},"36":{"start":{"line":61,"column":16},"end":{"line":61,"column":null}},"37":{"start":{"line":63,"column":12},"end":{"line":63,"column":null}},"38":{"start":{"line":65,"column":12},"end":{"line":65,"column":null}},"39":{"start":{"line":66,"column":12},"end":{"line":66,"column":null}},"40":{"start":{"line":68,"column":12},"end":{"line":68,"column":null}},"41":{"start":{"line":72,"column":25},"end":{"line":80,"column":null}},"42":{"start":{"line":82,"column":31},"end":{"line":88,"column":null}},"43":{"start":{"line":90,"column":26},"end":{"line":95,"column":null}},"44":{"start":{"line":97,"column":4},"end":{"line":238,"column":null}},"45":{"start":{"line":99,"column":51},"end":{"line":99,"column":null}},"46":{"start":{"line":113,"column":51},"end":{"line":113,"column":null}},"47":{"start":{"line":120,"column":51},"end":{"line":120,"column":null}},"48":{"start":{"line":127,"column":51},"end":{"line":127,"column":null}},"49":{"start":{"line":140,"column":44},"end":{"line":162,"column":null}},"50":{"start":{"line":144,"column":63},"end":{"line":144,"column":null}},"51":{"start":{"line":171,"column":44},"end":{"line":183,"column":null}},"52":{"start":{"line":175,"column":63},"end":{"line":175,"column":null}},"53":{"start":{"line":192,"column":44},"end":{"line":204,"column":null}},"54":{"start":{"line":196,"column":63},"end":{"line":196,"column":null}},"55":{"start":{"line":223,"column":49},"end":{"line":223,"column":null}}},"fnMap":{"0":{"name":"(anonymous_0)","decl":{"start":{"line":10,"column":21},"end":{"line":10,"column":22}},"loc":{"start":{"line":10,"column":45},"end":{"line":14,"column":null}},"line":10},"1":{"name":"DiaperModal","decl":{"start":{"line":17,"column":24},"end":{"line":17,"column":36}},"loc":{"start":{"line":17,"column":94},"end":{"line":240,"column":null}},"line":17},"2":{"name":"(anonymous_2)","decl":{"start":{"line":29,"column":14},"end":{"line":29,"column":20}},"loc":{"start":{"line":29,"column":20},"end":{"line":39,"column":7}},"line":29},"3":{"name":"(anonymous_3)","decl":{"start":{"line":43,"column":25},"end":{"line":43,"column":32}},"loc":{"start":{"line":43,"column":55},"end":{"line":70,"column":null}},"line":43},"4":{"name":"(anonymous_4)","decl":{"start":{"line":99,"column":44},"end":{"line":99,"column":45}},"loc":{"start":{"line":99,"column":51},"end":{"line":99,"column":null}},"line":99},"5":{"name":"(anonymous_5)","decl":{"start":{"line":113,"column":45},"end":{"line":113,"column":51}},"loc":{"start":{"line":113,"column":51},"end":{"line":113,"column":null}},"line":113},"6":{"name":"(anonymous_6)","decl":{"start":{"line":120,"column":45},"end":{"line":120,"column":51}},"loc":{"start":{"line":120,"column":51},"end":{"line":120,"column":null}},"line":120},"7":{"name":"(anonymous_7)","decl":{"start":{"line":127,"column":45},"end":{"line":127,"column":51}},"loc":{"start":{"line":127,"column":51},"end":{"line":127,"column":null}},"line":127},"8":{"name":"(anonymous_8)","decl":{"start":{"line":139,"column":58},"end":{"line":139,"column":null}},"loc":{"start":{"line":140,"column":44},"end":{"line":162,"column":null}},"line":140},"9":{"name":"(anonymous_9)","decl":{"start":{"line":144,"column":57},"end":{"line":144,"column":63}},"loc":{"start":{"line":144,"column":63},"end":{"line":144,"column":null}},"line":144},"10":{"name":"(anonymous_10)","decl":{"start":{"line":170,"column":64},"end":{"line":170,"column":null}},"loc":{"start":{"line":171,"column":44},"end":{"line":183,"column":null}},"line":171},"11":{"name":"(anonymous_11)","decl":{"start":{"line":175,"column":57},"end":{"line":175,"column":63}},"loc":{"start":{"line":175,"column":63},"end":{"line":175,"column":null}},"line":175},"12":{"name":"(anonymous_12)","decl":{"start":{"line":191,"column":59},"end":{"line":191,"column":null}},"loc":{"start":{"line":192,"column":44},"end":{"line":204,"column":null}},"line":192},"13":{"name":"(anonymous_13)","decl":{"start":{"line":196,"column":57},"end":{"line":196,"column":63}},"loc":{"start":{"line":196,"column":63},"end":{"line":196,"column":null}},"line":196},"14":{"name":"(anonymous_14)","decl":{"start":{"line":223,"column":42},"end":{"line":223,"column":43}},"loc":{"start":{"line":223,"column":49},"end":{"line":223,"column":null}},"line":223}},"branchMap":{"0":{"loc":{"start":{"line":11,"column":4},"end":{"line":11,"column":null}},"type":"if","locations":[{"start":{"line":11,"column":4},"end":{"line":11,"column":null}},{"start":{},"end":{}}],"line":11},"1":{"loc":{"start":{"line":12,"column":20},"end":{"line":12,"column":null}},"type":"cond-expr","locations":[{"start":{"line":12,"column":44},"end":{"line":12,"column":54}},{"start":{"line":12,"column":54},"end":{"line":12,"column":null}}],"line":12},"2":{"loc":{"start":{"line":30,"column":8},"end":{"line":38,"column":null}},"type":"if","locations":[{"start":{"line":30,"column":8},"end":{"line":38,"column":null}},{"start":{},"end":{}}],"line":30},"3":{"loc":{"start":{"line":30,"column":12},"end":{"line":30,"column":44}},"type":"binary-expr","locations":[{"start":{"line":30,"column":12},"end":{"line":30,"column":25}},{"start":{"line":30,"column":25},"end":{"line":30,"column":44}}],"line":30},"4":{"loc":{"start":{"line":33,"column":12},"end":{"line":33,"column":null}},"type":"if","locations":[{"start":{"line":33,"column":12},"end":{"line":33,"column":null}},{"start":{},"end":{}}],"line":33},"5":{"loc":{"start":{"line":34,"column":12},"end":{"line":34,"column":null}},"type":"if","locations":[{"start":{"line":34,"column":12},"end":{"line":34,"column":null}},{"start":{},"end":{}}],"line":34},"6":{"loc":{"start":{"line":35,"column":12},"end":{"line":35,"column":null}},"type":"if","locations":[{"start":{"line":35,"column":12},"end":{"line":35,"column":null}},{"start":{},"end":{}}],"line":35},"7":{"loc":{"start":{"line":36,"column":12},"end":{"line":36,"column":null}},"type":"if","locations":[{"start":{"line":36,"column":12},"end":{"line":36,"column":null}},{"start":{},"end":{}}],"line":36},"8":{"loc":{"start":{"line":37,"column":12},"end":{"line":37,"column":null}},"type":"if","locations":[{"start":{"line":37,"column":12},"end":{"line":37,"column":null}},{"start":{},"end":{}}],"line":37},"9":{"loc":{"start":{"line":41,"column":27},"end":{"line":41,"column":null}},"type":"binary-expr","locations":[{"start":{"line":41,"column":27},"end":{"line":41,"column":45}},{"start":{"line":41,"column":45},"end":{"line":41,"column":null}}],"line":41},"10":{"loc":{"start":{"line":51,"column":23},"end":{"line":51,"column":null}},"type":"cond-expr","locations":[{"start":{"line":51,"column":52},"end":{"line":51,"column":63}},{"start":{"line":51,"column":63},"end":{"line":51,"column":null}}],"line":51},"11":{"loc":{"start":{"line":51,"column":23},"end":{"line":51,"column":52}},"type":"binary-expr","locations":[{"start":{"line":51,"column":23},"end":{"line":51,"column":41}},{"start":{"line":51,"column":41},"end":{"line":51,"column":52}}],"line":51},"12":{"loc":{"start":{"line":52,"column":29},"end":{"line":52,"column":null}},"type":"cond-expr","locations":[{"start":{"line":52,"column":64},"end":{"line":52,"column":81}},{"start":{"line":52,"column":81},"end":{"line":52,"column":null}}],"line":52},"13":{"loc":{"start":{"line":52,"column":29},"end":{"line":52,"column":64}},"type":"binary-expr","locations":[{"start":{"line":52,"column":29},"end":{"line":52,"column":47}},{"start":{"line":52,"column":47},"end":{"line":52,"column":64}}],"line":52},"14":{"loc":{"start":{"line":53,"column":24},"end":{"line":53,"column":null}},"type":"cond-expr","locations":[{"start":{"line":53,"column":54},"end":{"line":53,"column":66}},{"start":{"line":53,"column":66},"end":{"line":53,"column":null}}],"line":53},"15":{"loc":{"start":{"line":53,"column":24},"end":{"line":53,"column":54}},"type":"binary-expr","locations":[{"start":{"line":53,"column":24},"end":{"line":53,"column":42}},{"start":{"line":53,"column":42},"end":{"line":53,"column":54}}],"line":53},"16":{"loc":{"start":{"line":54,"column":19},"end":{"line":54,"column":null}},"type":"binary-expr","locations":[{"start":{"line":54,"column":19},"end":{"line":54,"column":28}},{"start":{"line":54,"column":28},"end":{"line":54,"column":null}}],"line":54},"17":{"loc":{"start":{"line":58,"column":12},"end":{"line":62,"column":null}},"type":"if","locations":[{"start":{"line":58,"column":12},"end":{"line":62,"column":null}},{"start":{"line":60,"column":19},"end":{"line":62,"column":null}}],"line":58},"18":{"loc":{"start":{"line":101,"column":103},"end":{"line":101,"column":148}},"type":"cond-expr","locations":[{"start":{"line":101,"column":115},"end":{"line":101,"column":133}},{"start":{"line":101,"column":133},"end":{"line":101,"column":148}}],"line":101},"19":{"loc":{"start":{"line":112,"column":59},"end":{"line":112,"column":89}},"type":"cond-expr","locations":[{"start":{"line":112,"column":76},"end":{"line":112,"column":87}},{"start":{"line":112,"column":87},"end":{"line":112,"column":89}}],"line":112},"20":{"loc":{"start":{"line":119,"column":59},"end":{"line":119,"column":89}},"type":"cond-expr","locations":[{"start":{"line":119,"column":76},"end":{"line":119,"column":87}},{"start":{"line":119,"column":87},"end":{"line":119,"column":89}}],"line":119},"21":{"loc":{"start":{"line":126,"column":59},"end":{"line":126,"column":91}},"type":"cond-expr","locations":[{"start":{"line":126,"column":78},"end":{"line":126,"column":89}},{"start":{"line":126,"column":89},"end":{"line":126,"column":91}}],"line":126},"22":{"loc":{"start":{"line":134,"column":25},"end":{"line":208,"column":null}},"type":"binary-expr","locations":[{"start":{"line":134,"column":25},"end":{"line":134,"column":null}},{"start":{"line":135,"column":28},"end":{"line":208,"column":null}}],"line":134},"23":{"loc":{"start":{"line":143,"column":71},"end":{"line":143,"column":109}},"type":"cond-expr","locations":[{"start":{"line":143,"column":96},"end":{"line":143,"column":107}},{"start":{"line":143,"column":107},"end":{"line":143,"column":109}}],"line":143},"24":{"loc":{"start":{"line":144,"column":75},"end":{"line":144,"column":114}},"type":"cond-expr","locations":[{"start":{"line":144,"column":100},"end":{"line":144,"column":105}},{"start":{"line":144,"column":105},"end":{"line":144,"column":114}}],"line":144},"25":{"loc":{"start":{"line":159,"column":60},"end":{"line":159,"column":null}},"type":"cond-expr","locations":[{"start":{"line":159,"column":84},"end":{"line":159,"column":112}},{"start":{"line":159,"column":112},"end":{"line":159,"column":null}}],"line":159},"26":{"loc":{"start":{"line":174,"column":71},"end":{"line":174,"column":115}},"type":"cond-expr","locations":[{"start":{"line":174,"column":102},"end":{"line":174,"column":113}},{"start":{"line":174,"column":113},"end":{"line":174,"column":115}}],"line":174},"27":{"loc":{"start":{"line":175,"column":81},"end":{"line":175,"column":126}},"type":"cond-expr","locations":[{"start":{"line":175,"column":112},"end":{"line":175,"column":117}},{"start":{"line":175,"column":117},"end":{"line":175,"column":126}}],"line":175},"28":{"loc":{"start":{"line":195,"column":71},"end":{"line":195,"column":110}},"type":"cond-expr","locations":[{"start":{"line":195,"column":97},"end":{"line":195,"column":108}},{"start":{"line":195,"column":108},"end":{"line":195,"column":110}}],"line":195},"29":{"loc":{"start":{"line":196,"column":76},"end":{"line":196,"column":116}},"type":"cond-expr","locations":[{"start":{"line":196,"column":102},"end":{"line":196,"column":107}},{"start":{"line":196,"column":107},"end":{"line":196,"column":116}}],"line":196},"30":{"loc":{"start":{"line":233,"column":29},"end":{"line":233,"column":null}},"type":"cond-expr","locations":[{"start":{"line":233,"column":38},"end":{"line":233,"column":59}},{"start":{"line":233,"column":59},"end":{"line":233,"column":null}}],"line":233}},"s":{"0":1,"1":2,"2":0,"3":2,"4":2,"5":18,"6":18,"7":18,"8":18,"9":18,"10":18,"11":18,"12":18,"13":18,"14":18,"15":10,"16":2,"17":2,"18":2,"19":2,"20":2,"21":1,"22":2,"23":1,"24":2,"25":1,"26":2,"27":2,"28":18,"29":18,"30":2,"31":2,"32":2,"33":2,"34":2,"35":1,"36":1,"37":2,"38":0,"39":0,"40":2,"41":18,"42":18,"43":18,"44":18,"45":6,"46":0,"47":1,"48":1,"49":42,"50":0,"51":30,"52":0,"53":24,"54":0,"55":0},"f":{"0":2,"1":18,"2":10,"3":2,"4":6,"5":0,"6":1,"7":1,"8":42,"9":0,"10":30,"11":0,"12":24,"13":0,"14":0},"b":{"0":[0,2],"1":[0,2],"2":[2,8],"3":[10,2],"4":[2,0],"5":[1,1],"6":[1,1],"7":[1,1],"8":[2,0],"9":[18,16],"10":[0,2],"11":[2,1],"12":[0,2],"13":[2,1],"14":[0,2],"15":[2,1],"16":[2,1],"17":[1,1],"18":[6,12],"19":[12,6],"20":[2,16],"21":[4,14],"22":[18,6],"23":[1,41],"24":[0,0],"25":[6,36],"26":[1,29],"27":[0,0],"28":[1,23],"29":[0,0],"30":[2,16]},"meta":{"lastBranch":31,"lastFunction":15,"lastStatement":56,"seen":{"s:10:21:14:Infinity":0,"f:10:21:10:22":0,"b:11:4:11:Infinity:undefined:undefined:undefined:undefined":0,"s:11:4:11:Infinity":1,"s:11:18:11:Infinity":2,"s:12:20:12:Infinity":3,"b:12:44:12:54:12:54:12:Infinity":1,"s:13:4:13:Infinity":4,"f:17:24:17:36":1,"s:18:14:18:Infinity":5,"s:19:22:19:Infinity":6,"s:20:24:20:Infinity":7,"s:21:24:21:Infinity":8,"s:22:32:22:Infinity":9,"s:23:44:23:Infinity":10,"s:24:34:24:Infinity":11,"s:25:26:25:Infinity":12,"s:26:28:26:Infinity":13,"s:29:4:39:Infinity":14,"f:29:14:29:20":2,"b:30:8:38:Infinity:undefined:undefined:undefined:undefined":2,"s:30:8:38:Infinity":15,"b:30:12:30:25:30:25:30:44":3,"s:31:28:31:Infinity":16,"s:32:12:32:Infinity":17,"b:33:12:33:Infinity:undefined:undefined:undefined:undefined":4,"s:33:12:33:Infinity":18,"s:33:30:33:Infinity":19,"b:34:12:34:Infinity:undefined:undefined:undefined:undefined":5,"s:34:12:34:Infinity":20,"s:34:35:34:Infinity":21,"b:35:12:35:Infinity:undefined:undefined:undefined:undefined":6,"s:35:12:35:Infinity":22,"s:35:41:35:Infinity":23,"b:36:12:36:Infinity:undefined:undefined:undefined:undefined":7,"s:36:12:36:Infinity":24,"s:36:36:36:Infinity":25,"b:37:12:37:Infinity:undefined:undefined:undefined:undefined":8,"s:37:12:37:Infinity":26,"s:37:31:37:Infinity":27,"s:41:27:41:Infinity":28,"b:41:27:41:45:41:45:41:Infinity":9,"s:43:25:70:Infinity":29,"f:43:25:43:32":3,"s:44:8:44:Infinity":30,"s:45:8:45:Infinity":31,"s:47:21:55:Infinity":32,"b:51:52:51:63:51:63:51:Infinity":10,"b:51:23:51:41:51:41:51:52":11,"b:52:64:52:81:52:81:52:Infinity":12,"b:52:29:52:47:52:47:52:64":13,"b:53:54:53:66:53:66:53:Infinity":14,"b:53:24:53:42:53:42:53:54":15,"b:54:19:54:28:54:28:54:Infinity":16,"s:57:8:69:Infinity":33,"b:58:12:62:Infinity:60:19:62:Infinity":17,"s:58:12:62:Infinity":34,"s:59:16:59:Infinity":35,"s:61:16:61:Infinity":36,"s:63:12:63:Infinity":37,"s:65:12:65:Infinity":38,"s:66:12:66:Infinity":39,"s:68:12:68:Infinity":40,"s:72:25:80:Infinity":41,"s:82:31:88:Infinity":42,"s:90:26:95:Infinity":43,"s:97:4:238:Infinity":44,"f:99:44:99:45":4,"s:99:51:99:Infinity":45,"b:101:115:101:133:101:133:101:148":18,"b:112:76:112:87:112:87:112:89":19,"f:113:45:113:51":5,"s:113:51:113:Infinity":46,"b:119:76:119:87:119:87:119:89":20,"f:120:45:120:51":6,"s:120:51:120:Infinity":47,"b:126:78:126:89:126:89:126:91":21,"f:127:45:127:51":7,"s:127:51:127:Infinity":48,"b:134:25:134:Infinity:135:28:208:Infinity":22,"f:139:58:139:Infinity":8,"s:140:44:162:Infinity":49,"b:143:96:143:107:143:107:143:109":23,"f:144:57:144:63":9,"s:144:63:144:Infinity":50,"b:144:100:144:105:144:105:144:114":24,"b:159:84:159:112:159:112:159:Infinity":25,"f:170:64:170:Infinity":10,"s:171:44:183:Infinity":51,"b:174:102:174:113:174:113:174:115":26,"f:175:57:175:63":11,"s:175:63:175:Infinity":52,"b:175:112:175:117:175:117:175:126":27,"f:191:59:191:Infinity":12,"s:192:44:204:Infinity":53,"b:195:97:195:108:195:108:195:110":28,"f:196:57:196:63":13,"s:196:63:196:Infinity":54,"b:196:102:196:107:196:107:196:116":29,"f:223:42:223:43":14,"s:223:49:223:Infinity":55,"b:233:38:233:59:233:59:233:Infinity":30}}}
,"/Users/tv01d/Documents/projects/heybub/babylog/frontend/src/components/ErrorBoundary.tsx": {"path":"/Users/tv01d/Documents/projects/heybub/babylog/frontend/src/components/ErrorBoundary.tsx","statementMap":{"0":{"start":{"line":10,"column":4},"end":{"line":33,"column":null}},"1":{"start":{"line":63,"column":18},"end":{"line":67,"column":null}},"2":{"start":{"line":44,"column":8},"end":{"line":44,"column":null}},"3":{"start":{"line":45,"column":8},"end":{"line":45,"column":null}},"4":{"start":{"line":50,"column":8},"end":{"line":50,"column":null}},"5":{"start":{"line":55,"column":8},"end":{"line":57,"column":null}},"6":{"start":{"line":56,"column":12},"end":{"line":56,"column":null}},"7":{"start":{"line":64,"column":8},"end":{"line":64,"column":null}},"8":{"start":{"line":66,"column":8},"end":{"line":66,"column":null}},"9":{"start":{"line":70,"column":8},"end":{"line":77,"column":null}},"10":{"start":{"line":71,"column":12},"end":{"line":75,"column":null}},"11":{"start":{"line":79,"column":8},"end":{"line":79,"column":null}}},"fnMap":{"0":{"name":"ErrorFallback","decl":{"start":{"line":9,"column":9},"end":{"line":9,"column":23}},"loc":{"start":{"line":9,"column":63},"end":{"line":35,"column":null}},"line":9},"1":{"name":"(anonymous_1)","decl":{"start":{"line":43,"column":4},"end":{"line":43,"column":16}},"loc":{"start":{"line":43,"column":43},"end":{"line":46,"column":null}},"line":43},"2":{"name":"(anonymous_2)","decl":{"start":{"line":48,"column":11},"end":{"line":48,"column":36}},"loc":{"start":{"line":48,"column":70},"end":{"line":51,"column":null}},"line":48},"3":{"name":"(anonymous_3)","decl":{"start":{"line":53,"column":4},"end":{"line":53,"column":22}},"loc":{"start":{"line":53,"column":64},"end":{"line":61,"column":null}},"line":53},"4":{"name":"(anonymous_4)","decl":{"start":{"line":63,"column":18},"end":{"line":63,"column":24}},"loc":{"start":{"line":63,"column":24},"end":{"line":67,"column":null}},"line":63},"5":{"name":"(anonymous_5)","decl":{"start":{"line":69,"column":4},"end":{"line":69,"column":13}},"loc":{"start":{"line":69,"column":13},"end":{"line":80,"column":null}},"line":69}},"branchMap":{"0":{"loc":{"start":{"line":20,"column":17},"end":{"line":23,"column":null}},"type":"binary-expr","locations":[{"start":{"line":20,"column":17},"end":{"line":20,"column":35}},{"start":{"line":20,"column":35},"end":{"line":20,"column":null}},{"start":{"line":21,"column":20},"end":{"line":23,"column":null}}],"line":20},"1":{"loc":{"start":{"line":55,"column":8},"end":{"line":57,"column":null}},"type":"if","locations":[{"start":{"line":55,"column":8},"end":{"line":57,"column":null}},{"start":{},"end":{}}],"line":55},"2":{"loc":{"start":{"line":70,"column":8},"end":{"line":77,"column":null}},"type":"if","locations":[{"start":{"line":70,"column":8},"end":{"line":77,"column":null}},{"start":{},"end":{}}],"line":70}},"s":{"0":8,"1":1,"2":9,"3":9,"4":8,"5":4,"6":4,"7":1,"8":1,"9":18,"10":8,"11":10},"f":{"0":8,"1":9,"2":1,"3":4,"4":1,"5":18},"b":{"0":[8,8,0],"1":[4,0],"2":[8,10]},"meta":{"lastBranch":3,"lastFunction":6,"lastStatement":12,"seen":{"f:9:9:9:23":0,"s:10:4:33:Infinity":0,"b:20:17:20:35:20:35:20:Infinity:21:20:23:Infinity":0,"s:63:18:67:Infinity":1,"f:43:4:43:16":1,"s:44:8:44:Infinity":2,"s:45:8:45:Infinity":3,"f:48:11:48:36":2,"s:50:8:50:Infinity":4,"f:53:4:53:22":3,"b:55:8:57:Infinity:undefined:undefined:undefined:undefined":1,"s:55:8:57:Infinity":5,"s:56:12:56:Infinity":6,"f:63:18:63:24":4,"s:64:8:64:Infinity":7,"s:66:8:66:Infinity":8,"f:69:4:69:13":5,"b:70:8:77:Infinity:undefined:undefined:undefined:undefined":2,"s:70:8:77:Infinity":9,"s:71:12:75:Infinity":10,"s:79:8:79:Infinity":11}}}
,"/Users/tv01d/Documents/projects/heybub/babylog/frontend/src/components/FeedingModal.tsx": {"path":"/Users/tv01d/Documents/projects/heybub/babylog/frontend/src/components/FeedingModal.tsx","statementMap":{"0":{"start":{"line":15,"column":14},"end":{"line":15,"column":null}},"1":{"start":{"line":16,"column":63},"end":{"line":16,"column":null}},"2":{"start":{"line":17,"column":22},"end":{"line":17,"column":null}},"3":{"start":{"line":18,"column":24},"end":{"line":18,"column":null}},"4":{"start":{"line":21,"column":36},"end":{"line":23,"column":null}},"5":{"start":{"line":22,"column":8},"end":{"line":22,"column":null}},"6":{"start":{"line":24,"column":36},"end":{"line":26,"column":null}},"7":{"start":{"line":25,"column":8},"end":{"line":25,"column":null}},"8":{"start":{"line":28,"column":24},"end":{"line":28,"column":null}},"9":{"start":{"line":29,"column":32},"end":{"line":29,"column":null}},"10":{"start":{"line":30,"column":28},"end":{"line":30,"column":null}},"11":{"start":{"line":31,"column":26},"end":{"line":31,"column":null}},"12":{"start":{"line":32,"column":28},"end":{"line":32,"column":null}},"13":{"start":{"line":35,"column":40},"end":{"line":35,"column":null}},"14":{"start":{"line":36,"column":40},"end":{"line":36,"column":null}},"15":{"start":{"line":37,"column":34},"end":{"line":37,"column":null}},"16":{"start":{"line":38,"column":10},"end":{"line":38,"column":null}},"17":{"start":{"line":41,"column":35},"end":{"line":44,"column":null}},"18":{"start":{"line":42,"column":8},"end":{"line":42,"column":null}},"19":{"start":{"line":43,"column":8},"end":{"line":43,"column":null}},"20":{"start":{"line":46,"column":35},"end":{"line":49,"column":null}},"21":{"start":{"line":47,"column":8},"end":{"line":47,"column":null}},"22":{"start":{"line":48,"column":8},"end":{"line":48,"column":null}},"23":{"start":{"line":52,"column":4},"end":{"line":70,"column":null}},"24":{"start":{"line":53,"column":8},"end":{"line":69,"column":null}},"25":{"start":{"line":54,"column":28},"end":{"line":54,"column":null}},"26":{"start":{"line":55,"column":12},"end":{"line":55,"column":null}},"27":{"start":{"line":58,"column":12},"end":{"line":64,"column":null}},"28":{"start":{"line":59,"column":16},"end":{"line":59,"column":null}},"29":{"start":{"line":61,"column":16},"end":{"line":61,"column":null}},"30":{"start":{"line":63,"column":16},"end":{"line":63,"column":null}},"31":{"start":{"line":66,"column":12},"end":{"line":66,"column":null}},"32":{"start":{"line":66,"column":42},"end":{"line":66,"column":null}},"33":{"start":{"line":67,"column":12},"end":{"line":67,"column":null}},"34":{"start":{"line":67,"column":35},"end":{"line":67,"column":null}},"35":{"start":{"line":68,"column":12},"end":{"line":68,"column":null}},"36":{"start":{"line":68,"column":31},"end":{"line":68,"column":null}},"37":{"start":{"line":73,"column":4},"end":{"line":87,"column":null}},"38":{"start":{"line":74,"column":8},"end":{"line":81,"column":null}},"39":{"start":{"line":75,"column":12},"end":{"line":80,"column":null}},"40":{"start":{"line":78,"column":32},"end":{"line":78,"column":null}},"41":{"start":{"line":79,"column":16},"end":{"line":79,"column":null}},"42":{"start":{"line":82,"column":8},"end":{"line":86,"column":null}},"43":{"start":{"line":83,"column":12},"end":{"line":85,"column":null}},"44":{"start":{"line":84,"column":16},"end":{"line":84,"column":null}},"45":{"start":{"line":89,"column":31},"end":{"line":93,"column":null}},"46":{"start":{"line":90,"column":21},"end":{"line":90,"column":null}},"47":{"start":{"line":91,"column":21},"end":{"line":91,"column":null}},"48":{"start":{"line":92,"column":8},"end":{"line":92,"column":null}},"49":{"start":{"line":95,"column":29},"end":{"line":99,"column":null}},"50":{"start":{"line":96,"column":8},"end":{"line":96,"column":null}},"51":{"start":{"line":97,"column":8},"end":{"line":97,"column":null}},"52":{"start":{"line":98,"column":8},"end":{"line":98,"column":null}},"53":{"start":{"line":101,"column":28},"end":{"line":106,"column":null}},"54":{"start":{"line":102,"column":8},"end":{"line":102,"column":null}},"55":{"start":{"line":103,"column":8},"end":{"line":105,"column":null}},"56":{"start":{"line":104,"column":12},"end":{"line":104,"column":null}},"57":{"start":{"line":111,"column":24},"end":{"line":114,"column":null}},"58":{"start":{"line":112,"column":8},"end":{"line":112,"column":null}},"59":{"start":{"line":112,"column":37},"end":{"line":112,"column":null}},"60":{"start":{"line":113,"column":8},"end":{"line":113,"column":null}},"61":{"start":{"line":116,"column":28},"end":{"line":147,"column":null}},"62":{"start":{"line":117,"column":8},"end":{"line":117,"column":null}},"63":{"start":{"line":117,"column":30},"end":{"line":117,"column":null}},"64":{"start":{"line":120,"column":8},"end":{"line":123,"column":null}},"65":{"start":{"line":121,"column":12},"end":{"line":121,"column":null}},"66":{"start":{"line":122,"column":12},"end":{"line":122,"column":null}},"67":{"start":{"line":126,"column":8},"end":{"line":129,"column":null}},"68":{"start":{"line":127,"column":12},"end":{"line":127,"column":null}},"69":{"start":{"line":128,"column":12},"end":{"line":128,"column":null}},"70":{"start":{"line":131,"column":8},"end":{"line":131,"column":null}},"71":{"start":{"line":132,"column":8},"end":{"line":146,"column":null}},"72":{"start":{"line":133,"column":12},"end":{"line":140,"column":null}},"73":{"start":{"line":141,"column":12},"end":{"line":141,"column":null}},"74":{"start":{"line":143,"column":12},"end":{"line":143,"column":null}},"75":{"start":{"line":145,"column":12},"end":{"line":145,"column":null}},"76":{"start":{"line":149,"column":30},"end":{"line":193,"column":null}},"77":{"start":{"line":150,"column":8},"end":{"line":150,"column":null}},"78":{"start":{"line":153,"column":8},"end":{"line":156,"column":null}},"79":{"start":{"line":154,"column":12},"end":{"line":154,"column":null}},"80":{"start":{"line":155,"column":12},"end":{"line":155,"column":null}},"81":{"start":{"line":159,"column":8},"end":{"line":162,"column":null}},"82":{"start":{"line":160,"column":12},"end":{"line":160,"column":null}},"83":{"start":{"line":161,"column":12},"end":{"line":161,"column":null}},"84":{"start":{"line":165,"column":8},"end":{"line":168,"column":null}},"85":{"start":{"line":166,"column":12},"end":{"line":166,"column":null}},"86":{"start":{"line":167,"column":12},"end":{"line":167,"column":null}},"87":{"start":{"line":170,"column":8},"end":{"line":170,"column":null}},"88":{"start":{"line":172,"column":21},"end":{"line":179,"column":null}},"89":{"start":{"line":181,"column":8},"end":{"line":192,"column":null}},"90":{"start":{"line":182,"column":12},"end":{"line":186,"column":null}},"91":{"start":{"line":183,"column":16},"end":{"line":183,"column":null}},"92":{"start":{"line":185,"column":16},"end":{"line":185,"column":null}},"93":{"start":{"line":187,"column":12},"end":{"line":187,"column":null}},"94":{"start":{"line":189,"column":12},"end":{"line":189,"column":null}},"95":{"start":{"line":191,"column":12},"end":{"line":191,"column":null}},"96":{"start":{"line":195,"column":4},"end":{"line":416,"column":null}},"97":{"start":{"line":197,"column":51},"end":{"line":197,"column":null}},"98":{"start":{"line":210,"column":49},"end":{"line":210,"column":67}},"99":{"start":{"line":210,"column":67},"end":{"line":210,"column":86}},"100":{"start":{"line":217,"column":47},"end":{"line":217,"column":null}},"101":{"start":{"line":231,"column":47},"end":{"line":231,"column":null}},"102":{"start":{"line":238,"column":47},"end":{"line":238,"column":null}},"103":{"start":{"line":253,"column":51},"end":{"line":253,"column":null}},"104":{"start":{"line":260,"column":51},"end":{"line":260,"column":null}},"105":{"start":{"line":324,"column":57},"end":{"line":324,"column":null}},"106":{"start":{"line":338,"column":53},"end":{"line":338,"column":null}},"107":{"start":{"line":359,"column":57},"end":{"line":359,"column":null}},"108":{"start":{"line":373,"column":61},"end":{"line":373,"column":null}},"109":{"start":{"line":388,"column":53},"end":{"line":388,"column":null}}},"fnMap":{"0":{"name":"FeedingModal","decl":{"start":{"line":14,"column":24},"end":{"line":14,"column":37}},"loc":{"start":{"line":14,"column":96},"end":{"line":418,"column":null}},"line":14},"1":{"name":"(anonymous_1)","decl":{"start":{"line":21,"column":49},"end":{"line":21,"column":55}},"loc":{"start":{"line":21,"column":55},"end":{"line":23,"column":5}},"line":21},"2":{"name":"(anonymous_2)","decl":{"start":{"line":24,"column":49},"end":{"line":24,"column":55}},"loc":{"start":{"line":24,"column":55},"end":{"line":26,"column":5}},"line":24},"3":{"name":"(anonymous_3)","decl":{"start":{"line":41,"column":35},"end":{"line":41,"column":36}},"loc":{"start":{"line":41,"column":55},"end":{"line":44,"column":null}},"line":41},"4":{"name":"(anonymous_4)","decl":{"start":{"line":46,"column":35},"end":{"line":46,"column":36}},"loc":{"start":{"line":46,"column":53},"end":{"line":49,"column":null}},"line":46},"5":{"name":"(anonymous_5)","decl":{"start":{"line":52,"column":14},"end":{"line":52,"column":20}},"loc":{"start":{"line":52,"column":20},"end":{"line":70,"column":7}},"line":52},"6":{"name":"(anonymous_6)","decl":{"start":{"line":73,"column":14},"end":{"line":73,"column":20}},"loc":{"start":{"line":73,"column":20},"end":{"line":87,"column":7}},"line":73},"7":{"name":"(anonymous_7)","decl":{"start":{"line":75,"column":46},"end":{"line":75,"column":52}},"loc":{"start":{"line":75,"column":52},"end":{"line":80,"column":15}},"line":75},"8":{"name":"(anonymous_8)","decl":{"start":{"line":82,"column":15},"end":{"line":82,"column":21}},"loc":{"start":{"line":82,"column":21},"end":{"line":86,"column":null}},"line":82},"9":{"name":"(anonymous_9)","decl":{"start":{"line":89,"column":31},"end":{"line":89,"column":32}},"loc":{"start":{"line":89,"column":60},"end":{"line":93,"column":null}},"line":89},"10":{"name":"(anonymous_10)","decl":{"start":{"line":95,"column":29},"end":{"line":95,"column":35}},"loc":{"start":{"line":95,"column":35},"end":{"line":99,"column":null}},"line":95},"11":{"name":"(anonymous_11)","decl":{"start":{"line":101,"column":28},"end":{"line":101,"column":34}},"loc":{"start":{"line":101,"column":34},"end":{"line":106,"column":null}},"line":101},"12":{"name":"(anonymous_12)","decl":{"start":{"line":111,"column":24},"end":{"line":111,"column":30}},"loc":{"start":{"line":111,"column":30},"end":{"line":114,"column":null}},"line":111},"13":{"name":"(anonymous_13)","decl":{"start":{"line":116,"column":28},"end":{"line":116,"column":40}},"loc":{"start":{"line":116,"column":40},"end":{"line":147,"column":null}},"line":116},"14":{"name":"(anonymous_14)","decl":{"start":{"line":149,"column":30},"end":{"line":149,"column":37}},"loc":{"start":{"line":149,"column":60},"end":{"line":193,"column":null}},"line":149},"15":{"name":"(anonymous_15)","decl":{"start":{"line":197,"column":44},"end":{"line":197,"column":45}},"loc":{"start":{"line":197,"column":51},"end":{"line":197,"column":null}},"line":197},"16":{"name":"(anonymous_16)","decl":{"start":{"line":210,"column":41},"end":{"line":210,"column":47}},"loc":{"start":{"line":210,"column":47},"end":{"line":210,"column":null}},"line":210},"17":{"name":"(anonymous_17)","decl":{"start":{"line":217,"column":41},"end":{"line":217,"column":47}},"loc":{"start":{"line":217,"column":47},"end":{"line":217,"column":null}},"line":217},"18":{"name":"(anonymous_18)","decl":{"start":{"line":231,"column":41},"end":{"line":231,"column":47}},"loc":{"start":{"line":231,"column":47},"end":{"line":231,"column":null}},"line":231},"19":{"name":"(anonymous_19)","decl":{"start":{"line":238,"column":41},"end":{"line":238,"column":47}},"loc":{"start":{"line":238,"column":47},"end":{"line":238,"column":null}},"line":238},"20":{"name":"(anonymous_20)","decl":{"start":{"line":253,"column":45},"end":{"line":253,"column":51}},"loc":{"start":{"line":253,"column":51},"end":{"line":253,"column":null}},"line":253},"21":{"name":"(anonymous_21)","decl":{"start":{"line":260,"column":45},"end":{"line":260,"column":51}},"loc":{"start":{"line":260,"column":51},"end":{"line":260,"column":null}},"line":260},"22":{"name":"(anonymous_22)","decl":{"start":{"line":324,"column":50},"end":{"line":324,"column":51}},"loc":{"start":{"line":324,"column":57},"end":{"line":324,"column":null}},"line":324},"23":{"name":"(anonymous_23)","decl":{"start":{"line":338,"column":46},"end":{"line":338,"column":47}},"loc":{"start":{"line":338,"column":53},"end":{"line":338,"column":null}},"line":338},"24":{"name":"(anonymous_24)","decl":{"start":{"line":359,"column":50},"end":{"line":359,"column":51}},"loc":{"start":{"line":359,"column":57},"end":{"line":359,"column":null}},"line":359},"25":{"name":"(anonymous_25)","decl":{"start":{"line":373,"column":54},"end":{"line":373,"column":55}},"loc":{"start":{"line":373,"column":61},"end":{"line":373,"column":null}},"line":373},"26":{"name":"(anonymous_26)","decl":{"start":{"line":388,"column":46},"end":{"line":388,"column":47}},"loc":{"start":{"line":388,"column":53},"end":{"line":388,"column":null}},"line":388}},"branchMap":{"0":{"loc":{"start":{"line":22,"column":15},"end":{"line":22,"column":null}},"type":"binary-expr","locations":[{"start":{"line":22,"column":15},"end":{"line":22,"column":57}},{"start":{"line":22,"column":57},"end":{"line":22,"column":null}}],"line":22},"1":{"loc":{"start":{"line":25,"column":15},"end":{"line":25,"column":null}},"type":"binary-expr","locations":[{"start":{"line":25,"column":15},"end":{"line":25,"column":57}},{"start":{"line":25,"column":57},"end":{"line":25,"column":null}}],"line":25},"2":{"loc":{"start":{"line":53,"column":8},"end":{"line":69,"column":null}},"type":"if","locations":[{"start":{"line":53,"column":8},"end":{"line":69,"column":null}},{"start":{},"end":{}}],"line":53},"3":{"loc":{"start":{"line":53,"column":12},"end":{"line":53,"column":44}},"type":"binary-expr","locations":[{"start":{"line":53,"column":12},"end":{"line":53,"column":25}},{"start":{"line":53,"column":25},"end":{"line":53,"column":44}}],"line":53},"4":{"loc":{"start":{"line":58,"column":12},"end":{"line":64,"column":null}},"type":"if","locations":[{"start":{"line":58,"column":12},"end":{"line":64,"column":null}},{"start":{"line":60,"column":19},"end":{"line":64,"column":null}}],"line":58},"5":{"loc":{"start":{"line":63,"column":30},"end":{"line":63,"column":83}},"type":"cond-expr","locations":[{"start":{"line":63,"column":59},"end":{"line":63,"column":71}},{"start":{"line":63,"column":71},"end":{"line":63,"column":83}}],"line":63},"6":{"loc":{"start":{"line":66,"column":12},"end":{"line":66,"column":null}},"type":"if","locations":[{"start":{"line":66,"column":12},"end":{"line":66,"column":null}},{"start":{},"end":{}}],"line":66},"7":{"loc":{"start":{"line":67,"column":12},"end":{"line":67,"column":null}},"type":"if","locations":[{"start":{"line":67,"column":12},"end":{"line":67,"column":null}},{"start":{},"end":{}}],"line":67},"8":{"loc":{"start":{"line":68,"column":12},"end":{"line":68,"column":null}},"type":"if","locations":[{"start":{"line":68,"column":12},"end":{"line":68,"column":null}},{"start":{},"end":{}}],"line":68},"9":{"loc":{"start":{"line":74,"column":8},"end":{"line":81,"column":null}},"type":"if","locations":[{"start":{"line":74,"column":8},"end":{"line":81,"column":null}},{"start":{},"end":{}}],"line":74},"10":{"loc":{"start":{"line":74,"column":12},"end":{"line":74,"column":39}},"type":"binary-expr","locations":[{"start":{"line":74,"column":12},"end":{"line":74,"column":28}},{"start":{"line":74,"column":28},"end":{"line":74,"column":39}}],"line":74},"11":{"loc":{"start":{"line":83,"column":12},"end":{"line":85,"column":null}},"type":"if","locations":[{"start":{"line":83,"column":12},"end":{"line":85,"column":null}},{"start":{},"end":{}}],"line":83},"12":{"loc":{"start":{"line":103,"column":8},"end":{"line":105,"column":null}},"type":"if","locations":[{"start":{"line":103,"column":8},"end":{"line":105,"column":null}},{"start":{},"end":{}}],"line":103},"13":{"loc":{"start":{"line":112,"column":8},"end":{"line":112,"column":null}},"type":"if","locations":[{"start":{"line":112,"column":8},"end":{"line":112,"column":null}},{"start":{},"end":{}}],"line":112},"14":{"loc":{"start":{"line":113,"column":15},"end":{"line":113,"column":null}},"type":"cond-expr","locations":[{"start":{"line":113,"column":42},"end":{"line":113,"column":54}},{"start":{"line":113,"column":54},"end":{"line":113,"column":null}}],"line":113},"15":{"loc":{"start":{"line":117,"column":8},"end":{"line":117,"column":null}},"type":"if","locations":[{"start":{"line":117,"column":8},"end":{"line":117,"column":null}},{"start":{},"end":{}}],"line":117},"16":{"loc":{"start":{"line":120,"column":8},"end":{"line":123,"column":null}},"type":"if","locations":[{"start":{"line":120,"column":8},"end":{"line":123,"column":null}},{"start":{},"end":{}}],"line":120},"17":{"loc":{"start":{"line":120,"column":12},"end":{"line":120,"column":119}},"type":"binary-expr","locations":[{"start":{"line":120,"column":12},"end":{"line":120,"column":23}},{"start":{"line":120,"column":23},"end":{"line":120,"column":50}},{"start":{"line":120,"column":50},"end":{"line":120,"column":74}},{"start":{"line":120,"column":74},"end":{"line":120,"column":119}}],"line":120},"18":{"loc":{"start":{"line":126,"column":8},"end":{"line":129,"column":null}},"type":"if","locations":[{"start":{"line":126,"column":8},"end":{"line":129,"column":null}},{"start":{},"end":{}}],"line":126},"19":{"loc":{"start":{"line":126,"column":12},"end":{"line":126,"column":41}},"type":"binary-expr","locations":[{"start":{"line":126,"column":12},"end":{"line":126,"column":21}},{"start":{"line":126,"column":21},"end":{"line":126,"column":41}}],"line":126},"20":{"loc":{"start":{"line":138,"column":27},"end":{"line":138,"column":null}},"type":"cond-expr","locations":[{"start":{"line":138,"column":36},"end":{"line":138,"column":80}},{"start":{"line":138,"column":80},"end":{"line":138,"column":null}}],"line":138},"21":{"loc":{"start":{"line":139,"column":23},"end":{"line":139,"column":null}},"type":"binary-expr","locations":[{"start":{"line":139,"column":23},"end":{"line":139,"column":32}},{"start":{"line":139,"column":32},"end":{"line":139,"column":null}}],"line":139},"22":{"loc":{"start":{"line":153,"column":8},"end":{"line":156,"column":null}},"type":"if","locations":[{"start":{"line":153,"column":8},"end":{"line":156,"column":null}},{"start":{},"end":{}}],"line":153},"23":{"loc":{"start":{"line":153,"column":12},"end":{"line":153,"column":107}},"type":"binary-expr","locations":[{"start":{"line":153,"column":12},"end":{"line":153,"column":25}},{"start":{"line":153,"column":25},"end":{"line":153,"column":54}},{"start":{"line":153,"column":54},"end":{"line":153,"column":80}},{"start":{"line":153,"column":80},"end":{"line":153,"column":107}}],"line":153},"24":{"loc":{"start":{"line":159,"column":8},"end":{"line":162,"column":null}},"type":"if","locations":[{"start":{"line":159,"column":8},"end":{"line":162,"column":null}},{"start":{},"end":{}}],"line":159},"25":{"loc":{"start":{"line":159,"column":12},"end":{"line":159,"column":119}},"type":"binary-expr","locations":[{"start":{"line":159,"column":12},"end":{"line":159,"column":23}},{"start":{"line":159,"column":23},"end":{"line":159,"column":50}},{"start":{"line":159,"column":50},"end":{"line":159,"column":74}},{"start":{"line":159,"column":74},"end":{"line":159,"column":119}}],"line":159},"26":{"loc":{"start":{"line":165,"column":8},"end":{"line":168,"column":null}},"type":"if","locations":[{"start":{"line":165,"column":8},"end":{"line":168,"column":null}},{"start":{},"end":{}}],"line":165},"27":{"loc":{"start":{"line":165,"column":12},"end":{"line":165,"column":41}},"type":"binary-expr","locations":[{"start":{"line":165,"column":12},"end":{"line":165,"column":21}},{"start":{"line":165,"column":21},"end":{"line":165,"column":41}}],"line":165},"28":{"loc":{"start":{"line":176,"column":30},"end":{"line":176,"column":null}},"type":"cond-expr","locations":[{"start":{"line":176,"column":41},"end":{"line":176,"column":62}},{"start":{"line":176,"column":62},"end":{"line":176,"column":null}}],"line":176},"29":{"loc":{"start":{"line":177,"column":23},"end":{"line":177,"column":null}},"type":"cond-expr","locations":[{"start":{"line":177,"column":32},"end":{"line":177,"column":76}},{"start":{"line":177,"column":76},"end":{"line":177,"column":null}}],"line":177},"30":{"loc":{"start":{"line":178,"column":19},"end":{"line":178,"column":null}},"type":"binary-expr","locations":[{"start":{"line":178,"column":19},"end":{"line":178,"column":28}},{"start":{"line":178,"column":28},"end":{"line":178,"column":null}}],"line":178},"31":{"loc":{"start":{"line":182,"column":12},"end":{"line":186,"column":null}},"type":"if","locations":[{"start":{"line":182,"column":12},"end":{"line":186,"column":null}},{"start":{"line":184,"column":19},"end":{"line":186,"column":null}}],"line":182},"32":{"loc":{"start":{"line":199,"column":99},"end":{"line":199,"column":144}},"type":"cond-expr","locations":[{"start":{"line":199,"column":111},"end":{"line":199,"column":129}},{"start":{"line":199,"column":129},"end":{"line":199,"column":144}}],"line":199},"33":{"loc":{"start":{"line":209,"column":55},"end":{"line":209,"column":87}},"type":"cond-expr","locations":[{"start":{"line":209,"column":74},"end":{"line":209,"column":85}},{"start":{"line":209,"column":85},"end":{"line":209,"column":87}}],"line":209},"34":{"loc":{"start":{"line":216,"column":55},"end":{"line":216,"column":87}},"type":"cond-expr","locations":[{"start":{"line":216,"column":74},"end":{"line":216,"column":85}},{"start":{"line":216,"column":85},"end":{"line":216,"column":87}}],"line":216},"35":{"loc":{"start":{"line":230,"column":55},"end":{"line":230,"column":94}},"type":"cond-expr","locations":[{"start":{"line":230,"column":81},"end":{"line":230,"column":92}},{"start":{"line":230,"column":92},"end":{"line":230,"column":94}}],"line":230},"36":{"loc":{"start":{"line":237,"column":55},"end":{"line":237,"column":94}},"type":"cond-expr","locations":[{"start":{"line":237,"column":81},"end":{"line":237,"column":92}},{"start":{"line":237,"column":92},"end":{"line":237,"column":94}}],"line":237},"37":{"loc":{"start":{"line":246,"column":21},"end":{"line":265,"column":null}},"type":"binary-expr","locations":[{"start":{"line":246,"column":21},"end":{"line":246,"column":null}},{"start":{"line":247,"column":24},"end":{"line":265,"column":null}}],"line":246},"38":{"loc":{"start":{"line":252,"column":59},"end":{"line":252,"column":102}},"type":"cond-expr","locations":[{"start":{"line":252,"column":89},"end":{"line":252,"column":100}},{"start":{"line":252,"column":100},"end":{"line":252,"column":102}}],"line":252},"39":{"loc":{"start":{"line":259,"column":59},"end":{"line":259,"column":99}},"type":"cond-expr","locations":[{"start":{"line":259,"column":86},"end":{"line":259,"column":97}},{"start":{"line":259,"column":97},"end":{"line":259,"column":99}}],"line":259},"40":{"loc":{"start":{"line":268,"column":21},"end":{"line":392,"column":null}},"type":"cond-expr","locations":[{"start":{"line":269,"column":24},"end":{"line":342,"column":null}},{"start":{"line":345,"column":24},"end":{"line":392,"column":null}}],"line":268},"41":{"loc":{"start":{"line":274,"column":44},"end":{"line":274,"column":null}},"type":"cond-expr","locations":[{"start":{"line":274,"column":59},"end":{"line":274,"column":81}},{"start":{"line":274,"column":81},"end":{"line":274,"column":null}}],"line":274},"42":{"loc":{"start":{"line":282,"column":43},"end":{"line":282,"column":null}},"type":"cond-expr","locations":[{"start":{"line":282,"column":58},"end":{"line":282,"column":77}},{"start":{"line":282,"column":77},"end":{"line":282,"column":null}}],"line":282},"43":{"loc":{"start":{"line":286,"column":33},"end":{"line":289,"column":null}},"type":"binary-expr","locations":[{"start":{"line":286,"column":33},"end":{"line":286,"column":null}},{"start":{"line":287,"column":36},"end":{"line":289,"column":null}}],"line":286},"44":{"loc":{"start":{"line":295,"column":33},"end":{"line":311,"column":null}},"type":"cond-expr","locations":[{"start":{"line":296,"column":36},"end":{"line":303,"column":null}},{"start":{"line":305,"column":36},"end":{"line":311,"column":null}}],"line":295},"45":{"loc":{"start":{"line":316,"column":29},"end":{"line":328,"column":null}},"type":"binary-expr","locations":[{"start":{"line":316,"column":29},"end":{"line":316,"column":null}},{"start":{"line":317,"column":32},"end":{"line":328,"column":null}}],"line":316},"46":{"loc":{"start":{"line":365,"column":33},"end":{"line":377,"column":null}},"type":"binary-expr","locations":[{"start":{"line":365,"column":33},"end":{"line":365,"column":null}},{"start":{"line":366,"column":36},"end":{"line":377,"column":null}}],"line":365},"47":{"loc":{"start":{"line":400,"column":21},"end":{"line":412,"column":null}},"type":"cond-expr","locations":[{"start":{"line":401,"column":24},"end":{"line":408,"column":null}},{"start":{"line":410,"column":24},"end":{"line":412,"column":null}}],"line":400},"48":{"loc":{"start":{"line":404,"column":38},"end":{"line":404,"column":null}},"type":"binary-expr","locations":[{"start":{"line":404,"column":38},"end":{"line":404,"column":48}},{"start":{"line":404,"column":48},"end":{"line":404,"column":null}}],"line":404},"49":{"loc":{"start":{"line":407,"column":29},"end":{"line":407,"column":null}},"type":"cond-expr","locations":[{"start":{"line":407,"column":38},"end":{"line":407,"column":59}},{"start":{"line":407,"column":59},"end":{"line":407,"column":null}}],"line":407},"50":{"loc":{"start":{"line":411,"column":29},"end":{"line":411,"column":null}},"type":"cond-expr","locations":[{"start":{"line":411,"column":38},"end":{"line":411,"column":59}},{"start":{"line":411,"column":59},"end":{"line":411,"column":null}}],"line":411}},"s":{"0":16,"1":16,"2":16,"3":16,"4":16,"5":9,"6":16,"7":9,"8":16,"9":16,"10":16,"11":16,"12":16,"13":16,"14":16,"15":16,"16":16,"17":16,"18":1,"19":1,"20":16,"21":0,"22":0,"23":16,"24":9,"25":2,"26":2,"27":2,"28":1,"29":1,"30":1,"31":2,"32":2,"33":2,"34":1,"35":2,"36":1,"37":16,"38":9,"39":0,"40":0,"41":0,"42":9,"43":9,"44":0,"45":16,"46":0,"47":0,"48":0,"49":16,"50":0,"51":0,"52":0,"53":16,"54":0,"55":0,"56":0,"57":16,"58":2,"59":1,"60":1,"61":16,"62":0,"63":0,"64":0,"65":0,"66":0,"67":0,"68":0,"69":0,"70":0,"71":0,"72":0,"73":0,"74":0,"75":0,"76":16,"77":2,"78":2,"79":0,"80":0,"81":2,"82":0,"83":0,"84":2,"85":0,"86":0,"87":2,"88":2,"89":2,"90":2,"91":1,"92":1,"93":2,"94":0,"95":2,"96":16,"97":5,"98":0,"99":0,"100":0,"101":0,"102":1,"103":0,"104":0,"105":0,"106":0,"107":0,"108":0,"109":0},"f":{"0":16,"1":9,"2":9,"3":1,"4":0,"5":9,"6":9,"7":0,"8":9,"9":0,"10":0,"11":0,"12":2,"13":0,"14":2,"15":5,"16":0,"17":0,"18":0,"19":1,"20":0,"21":0,"22":0,"23":0,"24":0,"25":0,"26":0},"b":{"0":[9,3],"1":[9,9],"2":[2,7],"3":[9,2],"4":[1,1],"5":[1,0],"6":[2,0],"7":[1,1],"8":[1,1],"9":[0,9],"10":[9,0],"11":[0,9],"12":[0,0],"13":[1,1],"14":[0,1],"15":[0,0],"16":[0,0],"17":[0,0,0,0],"18":[0,0],"19":[0,0],"20":[0,0],"21":[0,0],"22":[0,2],"23":[2,1,1,1],"24":[0,2],"25":[2,0,0,0],"26":[0,2],"27":[2,0],"28":[1,1],"29":[0,2],"30":[2,2],"31":[1,1],"32":[6,10],"33":[16,0],"34":[0,16],"35":[6,10],"36":[10,6],"37":[16,10],"38":[9,1],"39":[1,9],"40":[0,16],"41":[0,0],"42":[0,0],"43":[0,0],"44":[0,0],"45":[0,0],"46":[16,10],"47":[0,16],"48":[0,0],"49":[0,0],"50":[2,14]},"meta":{"lastBranch":51,"lastFunction":27,"lastStatement":110,"seen":{"f:14:24:14:37":0,"s:15:14:15:Infinity":0,"s:16:63:16:Infinity":1,"s:17:22:17:Infinity":2,"s:18:24:18:Infinity":3,"s:21:36:23:Infinity":4,"f:21:49:21:55":1,"s:22:8:22:Infinity":5,"b:22:15:22:57:22:57:22:Infinity":0,"s:24:36:26:Infinity":6,"f:24:49:24:55":2,"s:25:8:25:Infinity":7,"b:25:15:25:57:25:57:25:Infinity":1,"s:28:24:28:Infinity":8,"s:29:32:29:Infinity":9,"s:30:28:30:Infinity":10,"s:31:26:31:Infinity":11,"s:32:28:32:Infinity":12,"s:35:40:35:Infinity":13,"s:36:40:36:Infinity":14,"s:37:34:37:Infinity":15,"s:38:10:38:Infinity":16,"s:41:35:44:Infinity":17,"f:41:35:41:36":3,"s:42:8:42:Infinity":18,"s:43:8:43:Infinity":19,"s:46:35:49:Infinity":20,"f:46:35:46:36":4,"s:47:8:47:Infinity":21,"s:48:8:48:Infinity":22,"s:52:4:70:Infinity":23,"f:52:14:52:20":5,"b:53:8:69:Infinity:undefined:undefined:undefined:undefined":2,"s:53:8:69:Infinity":24,"b:53:12:53:25:53:25:53:44":3,"s:54:28:54:Infinity":25,"s:55:12:55:Infinity":26,"b:58:12:64:Infinity:60:19:64:Infinity":4,"s:58:12:64:Infinity":27,"s:59:16:59:Infinity":28,"s:61:16:61:Infinity":29,"s:63:16:63:Infinity":30,"b:63:59:63:71:63:71:63:83":5,"b:66:12:66:Infinity:undefined:undefined:undefined:undefined":6,"s:66:12:66:Infinity":31,"s:66:42:66:Infinity":32,"b:67:12:67:Infinity:undefined:undefined:undefined:undefined":7,"s:67:12:67:Infinity":33,"s:67:35:67:Infinity":34,"b:68:12:68:Infinity:undefined:undefined:undefined:undefined":8,"s:68:12:68:Infinity":35,"s:68:31:68:Infinity":36,"s:73:4:87:Infinity":37,"f:73:14:73:20":6,"b:74:8:81:Infinity:undefined:undefined:undefined:undefined":9,"s:74:8:81:Infinity":38,"b:74:12:74:28:74:28:74:39":10,"s:75:12:80:Infinit
[...]
:[{"start":{"line":71,"column":52},"end":{"line":71,"column":60}},{"start":{"line":71,"column":60},"end":{"line":71,"column":64}}],"line":71},"12":{"loc":{"start":{"line":74,"column":67},"end":{"line":74,"column":92}},"type":"default-arg","locations":[{"start":{"line":74,"column":78},"end":{"line":74,"column":92}}],"line":74},"13":{"loc":{"start":{"line":75,"column":4},"end":{"line":75,"column":null}},"type":"if","locations":[{"start":{"line":75,"column":4},"end":{"line":75,"column":null}},{"start":{},"end":{}}],"line":75},"14":{"loc":{"start":{"line":77,"column":39},"end":{"line":77,"column":63}},"type":"cond-expr","locations":[{"start":{"line":77,"column":52},"end":{"line":77,"column":59}},{"start":{"line":77,"column":59},"end":{"line":77,"column":63}}],"line":77},"15":{"loc":{"start":{"line":80,"column":67},"end":{"line":80,"column":92}},"type":"default-arg","locations":[{"start":{"line":80,"column":78},"end":{"line":80,"column":92}}],"line":80},"16":{"loc":{"start":{"line":81,"column":4},"end":{"line":81,"column":null}},"type":"if","locations":[{"start":{"line":81,"column":4},"end":{"line":81,"column":null}},{"start":{},"end":{}}],"line":81},"17":{"loc":{"start":{"line":83,"column":39},"end":{"line":83,"column":63}},"type":"cond-expr","locations":[{"start":{"line":83,"column":52},"end":{"line":83,"column":59}},{"start":{"line":83,"column":59},"end":{"line":83,"column":63}}],"line":83},"18":{"loc":{"start":{"line":86,"column":70},"end":{"line":86,"column":95}},"type":"default-arg","locations":[{"start":{"line":86,"column":81},"end":{"line":86,"column":95}}],"line":86},"19":{"loc":{"start":{"line":87,"column":4},"end":{"line":87,"column":null}},"type":"if","locations":[{"start":{"line":87,"column":4},"end":{"line":87,"column":null}},{"start":{},"end":{}}],"line":87},"20":{"loc":{"start":{"line":89,"column":39},"end":{"line":89,"column":61}},"type":"cond-expr","locations":[{"start":{"line":89,"column":52},"end":{"line":89,"column":58}},{"start":{"line":89,"column":58},"end":{"line":89,"column":61}}],"line":89},"21":{"loc":{"start":{"line":93,"column":21},"end":{"line":93,"column":null}},"type":"cond-expr","locations":[{"start":{"line":93,"column":34},"end":{"line":93,"column":42}},{"start":{"line":93,"column":42},"end":{"line":93,"column":null}}],"line":93},"22":{"loc":{"start":{"line":94,"column":21},"end":{"line":94,"column":null}},"type":"cond-expr","locations":[{"start":{"line":94,"column":34},"end":{"line":94,"column":41}},{"start":{"line":94,"column":41},"end":{"line":94,"column":null}}],"line":94},"23":{"loc":{"start":{"line":95,"column":21},"end":{"line":95,"column":null}},"type":"cond-expr","locations":[{"start":{"line":95,"column":34},"end":{"line":95,"column":41}},{"start":{"line":95,"column":41},"end":{"line":95,"column":null}}],"line":95},"24":{"loc":{"start":{"line":96,"column":19},"end":{"line":96,"column":null}},"type":"cond-expr","locations":[{"start":{"line":96,"column":32},"end":{"line":96,"column":39}},{"start":{"line":96,"column":39},"end":{"line":96,"column":null}}],"line":96},"25":{"loc":{"start":{"line":99,"column":28},"end":{"line":99,"column":null}},"type":"cond-expr","locations":[{"start":{"line":99,"column":41},"end":{"line":99,"column":65}},{"start":{"line":99,"column":65},"end":{"line":99,"column":null}}],"line":99},"26":{"loc":{"start":{"line":100,"column":28},"end":{"line":100,"column":null}},"type":"cond-expr","locations":[{"start":{"line":100,"column":41},"end":{"line":100,"column":63}},{"start":{"line":100,"column":63},"end":{"line":100,"column":null}}],"line":100},"27":{"loc":{"start":{"line":101,"column":28},"end":{"line":101,"column":null}},"type":"cond-expr","locations":[{"start":{"line":101,"column":41},"end":{"line":101,"column":63}},{"start":{"line":101,"column":63},"end":{"line":101,"column":null}}],"line":101},"28":{"loc":{"start":{"line":102,"column":26},"end":{"line":102,"column":null}},"type":"cond-expr","locations":[{"start":{"line":102,"column":39},"end":{"line":102,"column":46}},{"start":{"line":102,"column":46},"end":{"line":102,"column":null}}],"line":102}},"s":{"0":1,"1":1,"2":1,"3":1,"4":4,"5":3,"6":53,"7":53,"8":36,"9":53,"10":17,"11":17,"12":53,"13":53,"14":5,"15":53,"16":4,"17":53,"18":4,"19":53,"20":6,"21":53,"22":3,"23":53,"24":2,"25":53,"26":1,"27":53,"28":3,"29":53,"30":4,"31":2,"32":2,"33":2,"34":53,"35":3,"36":1,"37":2,"38":2,"39":53,"40":3,"41":1,"42":2,"43":2,"44":53,"45":3,"46":1,"47":2,"48":2,"49":53,"50":53,"51":53,"52":53,"53":53,"54":53,"55":53,"56":53,"57":53},"f":{"0":4,"1":3,"2":53,"3":36,"4":17,"5":5,"6":4,"7":4,"8":6,"9":3,"10":2,"11":1,"12":3,"13":4,"14":3,"15":3,"16":3},"b":{"0":[36,34],"1":[3,2],"2":[2,2],"3":[2,2],"4":[4,2],"5":[2,1],"6":[1,1],"7":[1,0],"8":[3,0],"9":[4],"10":[2,2],"11":[1,1],"12":[3],"13":[1,2],"14":[1,1],"15":[3],"16":[1,2],"17":[1,1],"18":[3],"19":[1,2],"20":[1,1],"21":[18,35],"22":[18,35],"23":[18,35],"24":[18,35],"25":[18,35],"26":[18,35],"27":[18,35],"28":[18,35]},"meta":{"lastBranch":29,"lastFunction":17,"lastStatement":58,"seen":{"s:6:20:6:Infinity":0,"s:8:18:8:Infinity":1,"s:9:17:9:Infinity":2,"s:10:17:10:Infinity":3,"f:12:9:12:29":0,"s:13:2:13:Infinity":4,"f:16:9:16:29":1,"s:17:2:17:Infinity":5,"f:20:16:20:27":2,"s:21:12:21:Infinity":6,"s:22:29:24:Infinity":7,"f:22:54:22:60":3,"s:23:4:23:Infinity":8,"b:23:12:23:64:23:64:23:Infinity":0,"s:26:8:29:Infinity":9,"f:26:31:26:32":4,"s:27:4:27:Infinity":10,"s:28:4:28:Infinity":11,"s:31:21:31:Infinity":12,"s:34:8:36:Infinity":13,"f:34:36:34:37":5,"s:35:4:35:Infinity":14,"b:35:24:35:41:35:41:35:Infinity":1,"s:38:8:40:Infinity":15,"f:38:36:38:37":6,"s:39:4:39:Infinity":16,"b:39:24:39:40:39:40:39:Infinity":2,"s:42:8:44:Infinity":17,"f:42:36:42:37":7,"s:43:4:43:Infinity":18,"b:43:24:43:40:43:40:43:Infinity":3,"s:46:8:48:Infinity":19,"f:46:34:46:35":8,"s:47:4:47:Infinity":20,"b:47:24:47:55:47:55:47:Infinity":4,"s:51:8:53:Infinity":21,"f:51:34:51:35":9,"s:52:4:52:Infinity":22,"b:52:24:52:42:52:42:52:Infinity":5,"s:55:8:57:Infinity":23,"f:55:34:55:35":10,"s:56:4:56:Infinity":24,"b:56:24:56:41:56:41:56:Infinity":6,"s:59:8:61:Infinity":25,"f:59:34:59:35":11,"s:60:4:60:Infinity":26,"b:60:24:60:41:60:41:60:Infinity":7,"s:63:8:65:Infinity":27,"f:63:32:63:33":12,"s:64:4:64:Infinity":28,"b:64:24:64:51:64:51:64:Infinity":8,"s:68:8:72:Infinity":29,"f:68:35:68:36":13,"b:68:78:68:92":9,"b:69:4:69:Infinity:undefined:undefined:undefined:undefined":10,"s:69:4:69:Infinity":30,"s:69:20:69:Infinity":31,"s:70:16:70:Infinity":32,"s:71:4:71:Infinity":33,"b:71:52:71:60:71:60:71:64":11,"s:74:8:78:Infinity":34,"f:74:35:74:36":14,"b:74:78:74:92":12,"b:75:4:75:Infinity:undefined:undefined:undefined:undefined":13,"s:75:4:75:Infinity":35,"s:75:20:75:Infinity":36,"s:76:16:76:Infinity":37,"s:77:4:77:Infinity":38,"b:77:52:77:59:77:59:77:63":14,"s:80:8:84:Infinity":39,"f:80:35:80:36":15,"b:80:78:80:92":15,"b:81:4:81:Infinity:undefined:undefined:undefined:undefined":16,"s:81:4:81:Infinity":40,"s:81:20:81:Infinity":41,"s:82:16:82:Infinity":42,"s:83:4:83:Infinity":43,"b:83:52:83:59:83:59:83:63":17,"s:86:8:90:Infinity":44,"f:86:33:86:34":16,"b:86:81:86:95":18,"b:87:4:87:Infinity:undefined:undefined:undefined:undefined":19,"s:87:4:87:Infinity":45,"s:87:25:87:Infinity":46,"s:88:16:88:Infinity":47,"s:89:4:89:Infinity":48,"b:89:52:89:58:89:58:89:61":20,"s:93:21:93:Infinity":49,"b:93:34:93:42:93:42:93:Infinity":21,"s:94:21:94:Infinity":50,"b:94:34:94:41:94:41:94:Infinity":22,"s:95:21:95:Infinity":51,"b:95:34:95:41:95:41:95:Infinity":23,"s:96:19:96:Infinity":52,"b:96:32:96:39:96:39:96:Infinity":24,"s:99:28:99:Infinity":53,"b:99:41:99:65:99:65:99:Infinity":25,"s:100:28:100:Infinity":54,"b:100:41:100:63:100:63:100:Infinity":26,"s:101:28:101:Infinity":55,"b:101:41:101:63:101:63:101:Infinity":27,"s:102:26:102:Infinity":56,"b:102:39:102:46:102:46:102:Infinity":28,"s:104:2:132:Infinity":57}}}
,"/Users/tv01d/Documents/projects/heybub/babylog/frontend/src/test/mocks.tsx": {"path":"/Users/tv01d/Documents/projects/heybub/babylog/frontend/src/test/mocks.tsx","statementMap":{"0":{"start":{"line":5,"column":24},"end":{"line":5,"column":null}},"1":{"start":{"line":6,"column":25},"end":{"line":6,"column":null}},"2":{"start":{"line":8,"column":27},"end":{"line":11,"column":null}},"3":{"start":{"line":13,"column":26},"end":{"line":16,"column":null}},"4":{"start":{"line":18,"column":25},"end":{"line":21,"column":null}},"5":{"start":{"line":23,"column":32},"end":{"line":26,"column":null}},"6":{"start":{"line":28,"column":32},"end":{"line":32,"column":null}},"7":{"start":{"line":34,"column":29},"end":{"line":38,"column":null}},"8":{"start":{"line":40,"column":34},"end":{"line":44,"column":null}},"9":{"start":{"line":47,"column":27},"end":{"line":56,"column":null}},"10":{"start":{"line":59,"column":23},"end":{"line":82,"column":null}}},"fnMap":{},"branchMap":{},"s":{"0":2,"1":2,"2":2,"3":2,"4":2,"5":2,"6":2,"7":2,"8":2,"9":2,"10":2},"f":{},"b":{},"meta":{"lastBranch":0,"lastFunction":0,"lastStatement":11,"seen":{"s:5:24:5:Infinity":0,"s:6:25:6:Infinity":1,"s:8:27:11:Infinity":2,"s:13:26:16:Infinity":3,"s:18:25:21:Infinity":4,"s:23:32:26:Infinity":5,"s:28:32:32:Infinity":6,"s:34:29:38:Infinity":7,"s:40:34:44:Infinity":8,"s:47:27:56:Infinity":9,"s:59:23:82:Infinity":10}}}
,"/Users/tv01d/Documents/projects/heybub/babylog/frontend/src/utils/parseTime.ts": {"path":"/Users/tv01d/Documents/projects/heybub/babylog/frontend/src/utils/parseTime.ts","statementMap":{"0":{"start":{"line":6,"column":4},"end":{"line":6,"column":null}},"1":{"start":{"line":6,"column":18},"end":{"line":6,"column":null}},"2":{"start":{"line":7,"column":20},"end":{"line":7,"column":null}},"3":{"start":{"line":8,"column":4},"end":{"line":8,"column":null}}},"fnMap":{"0":{"name":"parseUTCTime","decl":{"start":{"line":5,"column":16},"end":{"line":5,"column":29}},"loc":{"start":{"line":5,"column":71},"end":{"line":9,"column":null}},"line":5}},"branchMap":{"0":{"loc":{"start":{"line":6,"column":4},"end":{"line":6,"column":null}},"type":"if","locations":[{"start":{"line":6,"column":4},"end":{"line":6,"column":null}},{"start":{},"end":{}}],"line":6},"1":{"loc":{"start":{"line":7,"column":20},"end":{"line":7,"column":null}},"type":"cond-expr","locations":[{"start":{"line":7,"column":75},"end":{"line":7,"column":85}},{"start":{"line":7,"column":85},"end":{"line":7,"column":null}}],"line":7},"2":{"loc":{"start":{"line":7,"column":20},"end":{"line":7,"column":75}},"type":"binary-expr","locations":[{"start":{"line":7,"column":20},"end":{"line":7,"column":51}},{"start":{"line":7,"column":51},"end":{"line":7,"column":75}}],"line":7}},"s":{"0":28,"1":3,"2":25,"3":28},"f":{"0":28},"b":{"0":[3,25],"1":[14,11],"2":[25,25]},"meta":{"lastBranch":3,"lastFunction":1,"lastStatement":4,"seen":{"f:5:16:5:29":0,"b:6:4:6:Infinity:undefined:undefined:undefined:undefined":0,"s:6:4:6:Infinity":0,"s:6:18:6:Infinity":1,"s:7:20:7:Infinity":2,"b:7:75:7:85:7:85:7:Infinity":1,"b:7:20:7:51:7:51:7:75":2,"s:8:4:8:Infinity":3}}}
,"/Users/tv01d/Documents/projects/heybub/babylog/frontend/src/utils/rateLimiter.ts": {"path":"/Users/tv01d/Documents/projects/heybub/babylog/frontend/src/utils/rateLimiter.ts","statementMap":{"0":{"start":{"line":1,"column":27},"end":{"line":1,"column":null}},"1":{"start":{"line":15,"column":16},"end":{"line":15,"column":null}},"2":{"start":{"line":16,"column":16},"end":{"line":16,"column":null}},"3":{"start":{"line":18,"column":4},"end":{"line":39,"column":null}},"4":{"start":{"line":19,"column":23},"end":{"line":19,"column":null}},"5":{"start":{"line":20,"column":34},"end":{"line":20,"column":null}},"6":{"start":{"line":22,"column":8},"end":{"line":22,"column":null}},"7":{"start":{"line":22,"column":68},"end":{"line":22,"column":94}},"8":{"start":{"line":24,"column":8},"end":{"line":26,"column":null}},"9":{"start":{"line":25,"column":12},"end":{"line":25,"column":null}},"10":{"start":{"line":28,"column":34},"end":{"line":28,"column":null}},"11":{"start":{"line":29,"column":30},"end":{"line":29,"column":null}},"12":{"start":{"line":30,"column":26},"end":{"line":30,"column":null}},"13":{"start":{"line":32,"column":8},"end":{"line":36,"column":null}},"14":{"start":{"line":38,"column":8},"end":{"line":38,"column":null}},"15":{"start":{"line":43,"column":16},"end":{"line":43,"column":null}},"16":{"start":{"line":44,"column":16},"end":{"line":44,"column":null}},"17":{"start":{"line":46,"column":4},"end":{"line":60,"column":null}},"18":{"start":{"line":47,"column":23},"end":{"line":47,"column":null}},"19":{"start":{"line":48,"column":34},"end":{"line":48,"column":null}},"20":{"start":{"line":50,"column":8},"end":{"line":50,"column":null}},"21":{"start":{"line":50,"column":68},"end":{"line":50,"column":94}},"22":{"start":{"line":52,"column":8},"end":{"line":54,"column":null}},"23":{"start":{"line":53,"column":12},"end":{"line":53,"column":null}},"24":{"start":{"line":56,"column":8},"end":{"line":56,"column":null}},"25":{"start":{"line":57,"column":8},"end":{"line":57,"column":null}},"26":{"start":{"line":64,"column":4},"end":{"line":64,"column":null}},"27":{"start":{"line":64,"column":20},"end":{"line":64,"column":null}},"28":{"start":{"line":66,"column":16},"end":{"line":66,"column":null}},"29":{"start":{"line":67,"column":22},"end":{"line":67,"column":null}},"30":{"start":{"line":69,"column":4},"end":{"line":69,"column":null}},"31":{"start":{"line":69,"column":24},"end":{"line":69,"column":null}},"32":{"start":{"line":71,"column":20},"end":{"line":71,"column":null}},"33":{"start":{"line":72,"column":4},"end":{"line":74,"column":null}},"34":{"start":{"line":73,"column":8},"end":{"line":73,"column":null}},"35":{"start":{"line":76,"column":20},"end":{"line":76,"column":null}},"36":{"start":{"line":77,"column":4},"end":{"line":77,"column":null}},"37":{"start":{"line":81,"column":16},"end":{"line":81,"column":null}},"38":{"start":{"line":82,"column":4},"end":{"line":86,"column":null}},"39":{"start":{"line":83,"column":8},"end":{"line":83,"column":null}}},"fnMap":{"0":{"name":"checkRateLimit","decl":{"start":{"line":14,"column":16},"end":{"line":14,"column":31}},"loc":{"start":{"line":14,"column":115},"end":{"line":40,"column":null}},"line":14},"1":{"name":"(anonymous_1)","decl":{"start":{"line":22,"column":45},"end":{"line":22,"column":46}},"loc":{"start":{"line":22,"column":68},"end":{"line":22,"column":94}},"line":22},"2":{"name":"recordAttempt","decl":{"start":{"line":42,"column":16},"end":{"line":42,"column":30}},"loc":{"start":{"line":42,"column":78},"end":{"line":61,"column":null}},"line":42},"3":{"name":"(anonymous_3)","decl":{"start":{"line":50,"column":45},"end":{"line":50,"column":46}},"loc":{"start":{"line":50,"column":68},"end":{"line":50,"column":94}},"line":50},"4":{"name":"getTimeUntilReset","decl":{"start":{"line":63,"column":16},"end":{"line":63,"column":34}},"loc":{"start":{"line":63,"column":68},"end":{"line":78,"column":null}},"line":63},"5":{"name":"clearRateLimit","decl":{"start":{"line":80,"column":16},"end":{"line":80,"column":31}},"loc":{"start":{"line":80,"column":53},"end":{"line":87,"column":null}},"line":80}},"branchMap":{"0":{"loc":{"start":{"line":14,"column":47},"end":{"line":14,"column":72}},"type":"default-arg","locations":[{"start":{"line":14,"column":69},"end":{"line":14,"column":72}}],"line":14},"1":{"loc":{"start":{"line":14,"column":72},"end":{"line":14,"column":115}},"type":"default-arg","locations":[{"start":{"line":14,"column":91},"end":{"line":14,"column":115}}],"line":14},"2":{"loc":{"start":{"line":20,"column":34},"end":{"line":20,"column":null}},"type":"cond-expr","locations":[{"start":{"line":20,"column":43},"end":{"line":20,"column":64}},{"start":{"line":20,"column":64},"end":{"line":20,"column":null}}],"line":20},"3":{"loc":{"start":{"line":24,"column":8},"end":{"line":26,"column":null}},"type":"if","locations":[{"start":{"line":24,"column":8},"end":{"line":26,"column":null}},{"start":{},"end":{}}],"line":24},"4":{"loc":{"start":{"line":30,"column":26},"end":{"line":30,"column":null}},"type":"cond-expr","locations":[{"start":{"line":30,"column":42},"end":{"line":30,"column":69}},{"start":{"line":30,"column":69},"end":{"line":30,"column":null}}],"line":30},"5":{"loc":{"start":{"line":42,"column":46},"end":{"line":42,"column":78}},"type":"default-arg","locations":[{"start":{"line":42,"column":65},"end":{"line":42,"column":78}}],"line":42},"6":{"loc":{"start":{"line":48,"column":34},"end":{"line":48,"column":null}},"type":"cond-expr","locations":[{"start":{"line":48,"column":43},"end":{"line":48,"column":64}},{"start":{"line":48,"column":64},"end":{"line":48,"column":null}}],"line":48},"7":{"loc":{"start":{"line":52,"column":8},"end":{"line":54,"column":null}},"type":"if","locations":[{"start":{"line":52,"column":8},"end":{"line":54,"column":null}},{"start":{},"end":{}}],"line":52},"8":{"loc":{"start":{"line":64,"column":4},"end":{"line":64,"column":null}},"type":"if","locations":[{"start":{"line":64,"column":4},"end":{"line":64,"column":null}},{"start":{},"end":{}}],"line":64},"9":{"loc":{"start":{"line":69,"column":4},"end":{"line":69,"column":null}},"type":"if","locations":[{"start":{"line":69,"column":4},"end":{"line":69,"column":null}},{"start":{},"end":{}}],"line":69},"10":{"loc":{"start":{"line":72,"column":4},"end":{"line":74,"column":null}},"type":"if","locations":[{"start":{"line":72,"column":4},"end":{"line":74,"column":null}},{"start":{},"end":{}}],"line":72},"11":{"loc":{"start":{"line":73,"column":35},"end":{"line":73,"column":59}},"type":"cond-expr","locations":[{"start":{"line":73,"column":51},"end":{"line":73,"column":57}},{"start":{"line":73,"column":57},"end":{"line":73,"column":59}}],"line":73},"12":{"loc":{"start":{"line":77,"column":31},"end":{"line":77,"column":55}},"type":"cond-expr","locations":[{"start":{"line":77,"column":47},"end":{"line":77,"column":53}},{"start":{"line":77,"column":53},"end":{"line":77,"column":55}}],"line":77}},"s":{"0":1,"1":6,"2":6,"3":6,"4":6,"5":6,"6":6,"7":6,"8":6,"9":0,"10":6,"11":6,"12":6,"13":6,"14":0,"15":9,"16":9,"17":9,"18":9,"19":9,"20":9,"21":6,"22":9,"23":0,"24":9,"25":9,"26":4,"27":1,"28":3,"29":3,"30":3,"31":1,"32":2,"33":2,"34":1,"35":1,"36":1,"37":1,"38":1,"39":1},"f":{"0":6,"1":6,"2":9,"3":6,"4":4,"5":1},"b":{"0":[6],"1":[6],"2":[4,2],"3":[0,6],"4":[4,2],"5":[9],"6":[4,5],"7":[0,9],"8":[1,3],"9":[1,2],"10":[1,1],"11":[1,0],"12":[1,0]},"meta":{"lastBranch":13,"lastFunction":6,"lastStatement":40,"seen":{"s:1:27:1:Infinity":0,"f:14:16:14:31":0,"b:14:69:14:72":0,"b:14:91:14:115":1,"s:15:16:15:Infinity":1,"s:16:16:16:Infinity":2,"s:18:4:39:Infinity":3,"s:19:23:19:Infinity":4,"s:20:34:20:Infinity":5,"b:20:43:20:64:20:64:20:Infinity":2,"s:22:8:22:Infinity":6,"f:22:45:22:46":1,"s:22:68:22:94":7,"b:24:8:26:Infinity:undefined:undefined:undefined:undefined":3,"s:24:8:26:Infinity":8,"s:25:12:25:Infinity":9,"s:28:34:28:Infinity":10,"s:29:30:29:Infinity":11,"s:30:26:30:Infinity":12,"b:30:42:30:69:30:69:30:Infinity":4,"s:32:8:36:Infinity":13,"s:38:8:38:Infinity":14,"f:42:16:42:30":2,"b:42:65:42:78":5,"s:43:16:43:Infinity":15,"s:44:16:44:Infinity":16,"s:46:4:60:Infinity":17,"s:47:23:47:Infinity":18,"s:48:34:48:Infinity":19,"b:48:43:48:64:48:64:48:Infinity":6,"s:50:8:50:Infinity":20,"f:50:45:50:46":3,"s:50:68:50:94":21,"b:52:8:54:Infinity:undefined:undefined:undefined:undefined":7,"s:52:8:54:Infinity":22,"s:53:12:53:Infinity":23,"s:56:8:56:Infinity":24,"s:57:8:57:Infinity":25,"f:63:16:63:34":4,"b:64:4:64:Infinity:undefined:undefined:undefined:undefined":8,"s:64:4:64:Infinity":26,"s:64:20:64:Infinity":27,"s:66:16:66:Infinity":28,"s:67:22:67:Infinity":29,"b:69:4:69:Infinity:undefined:undefined:undefined:undefined":9,"s:69:4:69:Infinity":30,"s:69:24:69:Infinity":31,"s:71:20:71:Infinity":32,"b:72:4:74:Infinity:undefined:undefined:undefined:undefined":10,"s:72:4:74:Infinity":33,"s:73:8:73:Infinity":34,"b:73:51:73:57:73:57:73:59":11,"s:76:20:76:Infinity":35,"s:77:4:77:Infinity":36,"b:77:47:77:53:77:53:77:55":12,"f:80:16:80:31":5,"s:81:16:81:Infinity":37,"s:82:4:86:Infinity":38,"s:83:8:83:Infinity":39}}}
}
